#
# There is insufficient memory for the Java Runtime Environment to continue.
# Native memory allocation (mmap) failed to map 350224384 bytes for Failed to commit area from 0x0000000097c00000 to 0x00000000aca00000 of length 350224384.
# Possible reasons:
#   The system is out of physical RAM or swap space
#   The process is running with CompressedOops enabled, and the Java Heap may be blocking the growth of the native heap
# Possible solutions:
#   Reduce memory load on the system
#   Increase physical memory or swap space
#   Check if swap backing store is full
#   Decrease Java heap size (-Xmx/-Xms)
#   Decrease number of Java threads
#   Decrease Java thread stack sizes (-Xss)
#   Set larger code cache with -XX:ReservedCodeCacheSize=
#   JVM is running with Unscaled Compressed Oops mode in which the Java heap is
#     placed in the first 4GB address space. The Java Heap base address is the
#     maximum limit for the native heap growth. Please use -XX:HeapBaseMinAddress
#     to set the Java Heap base and to place the Java Heap above 4GB virtual address.
# This output file may be truncated or incomplete.
#
#  Out of Memory Error (./src/hotspot/os/windows/os_windows.cpp:3301), pid=25300, tid=29292
#
# JRE version: OpenJDK Runtime Environment (11.0.10) (build 11.0.10+0-b96-7249189)
# Java VM: OpenJDK 64-Bit Server VM (11.0.10+0-b96-7249189, mixed mode, tiered, compressed oops, g1 gc, windows-amd64)
# No core dump will be written. Minidumps are not enabled by default on client versions of Windows
#

---------------  S U M M A R Y ------------

Command Line: --add-opens=java.base/java.util=ALL-UNNAMED --add-opens=java.base/java.lang=ALL-UNNAMED --add-opens=java.base/java.lang.invoke=ALL-UNNAMED --add-opens=java.base/java.util=ALL-UNNAMED --add-opens=java.prefs/java.util.prefs=ALL-UNNAMED --add-opens=java.prefs/java.util.prefs=ALL-UNNAMED --add-opens=java.base/java.nio.charset=ALL-UNNAMED --add-opens=java.base/java.net=ALL-UNNAMED --add-opens=java.base/java.util.concurrent.atomic=ALL-UNNAMED -Xmx2048m -Dfile.encoding=UTF-8 -Duser.country=US -Duser.language=en -Duser.variant org.gradle.launcher.daemon.bootstrap.GradleDaemon 7.0.2

Host: 11th Gen Intel(R) Core(TM) i5-1135G7 @ 2.40GHz, 8 cores, 7G,  Windows 10 , 64 bit Build 22000 (10.0.22000.613)
Time: Wed Apr 20 15:41:30 2022 Eastern Daylight Time elapsed time: 13156.611354 seconds (0d 3h 39m 16s)

---------------  T H R E A D  ---------------

Current thread (0x000001ccff6e3800):  VMThread "VM Thread" [stack: 0x0000008bf9a00000,0x0000008bf9b00000] [id=29292]

Stack: [0x0000008bf9a00000,0x0000008bf9b00000]
[error occurred during error reporting (printing stack bounds), id 0xc0000005, EXCEPTION_ACCESS_VIOLATION (0xc0000005) at pc=0x000001cc800010e7]

Native frames: (J=compiled Java code, j=interpreted, Vv=VM code, C=native code)
V  [jvm.dll+0x5ecfaa]
V  [jvm.dll+0x722bd5]
V  [jvm.dll+0x72412d]
V  [jvm.dll+0x724745]
V  [jvm.dll+0x7246fb]
V  [jvm.dll+0x5ec348]
V  [jvm.dll+0x5ecad8]
C  [ntdll.dll+0xa86ef]
C  [ntdll.dll+0x35aea]
C  [ntdll.dll+0xa76fe]
C  0x000001cc800010e7

VM_Operation (0x0000008bfeffe360): G1CollectForAllocation, mode: safepoint, requested by thread 0x000001cc9c9c3800


---------------  P R O C E S S  ---------------

Threads class SMR info:
_java_thread_list=0x000001cc97dd3810, length=76, elements={
0x000001ccf627f800, 0x000001ccff6e7800, 0x000001ccff6f2800, 0x000001cc91142800,
0x000001ccff6ff000, 0x000001ccff700000, 0x000001ccff704000, 0x000001ccff707000,
0x000001ccff708800, 0x000001cc912a3000, 0x000001cc92a4e000, 0x000001cc91477000,
0x000001cc92918800, 0x000001cc913e4000, 0x000001cc913e6800, 0x000001cc913e2000,
0x000001cc913e5000, 0x000001cc913e1000, 0x000001cc95281000, 0x000001cc95284000,
0x000001cc95281800, 0x000001cc95282800, 0x000001cc95280000, 0x000001cc9528e000,
0x000001cc958f4800, 0x000001cc958fb000, 0x000001cc958fa000, 0x000001cc958f5000,
0x000001cc958f6000, 0x000001cc95901800, 0x000001cc9dd63000, 0x000001cc9dd57000,
0x000001cc9dd5b000, 0x000001cc95286000, 0x000001cc95283800, 0x000001cc9528a000,
0x000001cc95289000, 0x000001cc95286800, 0x000001cc95287800, 0x000001cc9528b800,
0x000001cc9528a800, 0x000001cc9528d000, 0x000001cc9528c800, 0x000001cc95288800,
0x000001cc9dd57800, 0x000001cc9dd5a000, 0x000001cc9dd58800, 0x000001cc9dd59800,
0x000001cc9dd5b800, 0x000001cc9dd56000, 0x000001cc9dd5f000, 0x000001cc9dd5e000,
0x000001cc9dd5d800, 0x000001cc9dd61800, 0x000001cc9dd60800, 0x000001cc9dd60000,
0x000001cc9dd5c800, 0x000001cc9dd62000, 0x000001cc9dd64000, 0x000001cc958f9000,
0x000001cc958f7800, 0x000001cc958fe000, 0x000001cc958f8800, 0x000001cc95900800,
0x000001cc95903000, 0x000001cc913e2800, 0x000001cc913e7800, 0x000001cc913e6000,
0x000001cc913e3800, 0x000001cc9c9c7800, 0x000001cc9c9c8800, 0x000001cc9c9c6000,
0x000001cc9c9c4800, 0x000001cc9c9c9000, 0x000001cc9c9c3800, 0x000001cc9c9cb000
}

Java Threads: ( => current thread )
  0x000001ccf627f800 JavaThread "main" [_thread_blocked, id=11148, stack(0x0000008bf9400000,0x0000008bf9500000)]
  0x000001ccff6e7800 JavaThread "Reference Handler" daemon [_thread_blocked, id=10868, stack(0x0000008bf9b00000,0x0000008bf9c00000)]
  0x000001ccff6f2800 JavaThread "Finalizer" daemon [_thread_blocked, id=30500, stack(0x0000008bf9c00000,0x0000008bf9d00000)]
  0x000001cc91142800 JavaThread "Signal Dispatcher" daemon [_thread_blocked, id=25200, stack(0x0000008bf9d00000,0x0000008bf9e00000)]
  0x000001ccff6ff000 JavaThread "Attach Listener" daemon [_thread_blocked, id=6464, stack(0x0000008bf9e00000,0x0000008bf9f00000)]
  0x000001ccff700000 JavaThread "Service Thread" daemon [_thread_blocked, id=7992, stack(0x0000008bf9f00000,0x0000008bfa000000)]
  0x000001ccff704000 JavaThread "C2 CompilerThread0" daemon [_thread_blocked, id=29428, stack(0x0000008bfa000000,0x0000008bfa100000)]
  0x000001ccff707000 JavaThread "C1 CompilerThread0" daemon [_thread_blocked, id=11484, stack(0x0000008bfa100000,0x0000008bfa200000)]
  0x000001ccff708800 JavaThread "Sweeper thread" daemon [_thread_blocked, id=29284, stack(0x0000008bfa200000,0x0000008bfa300000)]
  0x000001cc912a3000 JavaThread "Common-Cleaner" daemon [_thread_blocked, id=17540, stack(0x0000008bfa300000,0x0000008bfa400000)]
  0x000001cc92a4e000 JavaThread "Daemon health stats" [_thread_blocked, id=16504, stack(0x0000008bfa700000,0x0000008bfa800000)]
  0x000001cc91477000 JavaThread "Incoming local TCP Connector on port 55518" [_thread_in_native, id=19968, stack(0x0000008bfa800000,0x0000008bfa900000)]
  0x000001cc92918800 JavaThread "Daemon periodic checks" [_thread_blocked, id=29740, stack(0x0000008bfa900000,0x0000008bfaa00000)]
  0x000001cc913e4000 JavaThread "Cache worker for file hash cache (C:\Users\adria\.gradle\caches\7.0.2\fileHashes)" [_thread_blocked, id=15140, stack(0x0000008bfb700000,0x0000008bfb800000)]
  0x000001cc913e6800 JavaThread "File lock request listener" [_thread_in_native, id=28520, stack(0x0000008bfb800000,0x0000008bfb900000)]
  0x000001cc913e2000 JavaThread "Cache worker for journal cache (C:\Users\adria\.gradle\caches\journal-1)" [_thread_blocked, id=24264, stack(0x0000008bfba00000,0x0000008bfbb00000)]
  0x000001cc913e5000 JavaThread "File watcher server" daemon [_thread_blocked, id=14432, stack(0x0000008bfbc00000,0x0000008bfbd00000)]
  0x000001cc913e1000 JavaThread "File watcher consumer" daemon [_thread_blocked, id=15184, stack(0x0000008bfbd00000,0x0000008bfbe00000)]
  0x000001cc95281000 JavaThread "Cache worker for execution history cache (C:\Users\adria\.gradle\caches\7.0.2\executionHistory)" [_thread_blocked, id=25476, stack(0x0000008bfc100000,0x0000008bfc200000)]
  0x000001cc95284000 JavaThread "jar transforms" [_thread_blocked, id=23844, stack(0x0000008bfc200000,0x0000008bfc300000)]
  0x000001cc95281800 JavaThread "jar transforms Thread 2" [_thread_blocked, id=16672, stack(0x0000008bfc300000,0x0000008bfc400000)]
  0x000001cc95282800 JavaThread "Cache worker for file content cache (C:\Users\adria\.gradle\caches\7.0.2\fileContent)" [_thread_blocked, id=21924, stack(0x0000008bfc400000,0x0000008bfc500000)]
  0x000001cc95280000 JavaThread "jar transforms Thread 3" [_thread_blocked, id=15536, stack(0x0000008bfc600000,0x0000008bfc700000)]
  0x000001cc9528e000 JavaThread "jar transforms Thread 4" [_thread_blocked, id=21972, stack(0x0000008bfd000000,0x0000008bfd100000)]
  0x000001cc958f4800 JavaThread "jar transforms Thread 5" [_thread_blocked, id=20888, stack(0x0000008bfd100000,0x0000008bfd200000)]
  0x000001cc958fb000 JavaThread "jar transforms Thread 6" [_thread_blocked, id=27588, stack(0x0000008bfd200000,0x0000008bfd300000)]
  0x000001cc958fa000 JavaThread "jar transforms Thread 7" [_thread_blocked, id=4444, stack(0x0000008bfd300000,0x0000008bfd400000)]
  0x000001cc958f5000 JavaThread "jar transforms Thread 8" [_thread_blocked, id=27496, stack(0x0000008bfd400000,0x0000008bfd500000)]
  0x000001cc958f6000 JavaThread "Memory manager" [_thread_blocked, id=18660, stack(0x0000008bf9100000,0x0000008bf9200000)]
  0x000001cc95901800 JavaThread "Cache worker for Java compile cache (C:\Users\adria\.gradle\caches\7.0.2\javaCompile)" [_thread_blocked, id=30524, stack(0x0000008bfaf00000,0x0000008bfb000000)]
  0x000001cc9dd63000 JavaThread "ForkJoinPool.commonPool-worker-13" daemon [_thread_blocked, id=19948, stack(0x0000008bfe800000,0x0000008bfe900000)]
  0x000001cc9dd57000 JavaThread "Daemon Thread 7" [_thread_blocked, id=24492, stack(0x0000008bf9200000,0x0000008bf9300000)]
  0x000001cc9dd5b000 JavaThread "Daemon worker Thread 7" [_thread_blocked, id=13276, stack(0x0000008bfab00000,0x0000008bfac00000)]
  0x000001cc95286000 JavaThread "Handler for socket connection from /127.0.0.1:55518 to /127.0.0.1:58315" [_thread_in_native, id=23968, stack(0x0000008bf9300000,0x0000008bf9400000)]
  0x000001cc95283800 JavaThread "Cancel handler" [_thread_blocked, id=18232, stack(0x0000008bfaa00000,0x0000008bfab00000)]
  0x000001cc9528a000 JavaThread "Asynchronous log dispatcher for DefaultDaemonConnection: socket connection from /127.0.0.1:55518 to /127.0.0.1:58315" [_thread_blocked, id=24648, stack(0x0000008bfac00000,0x0000008bfad00000)]
  0x000001cc95289000 JavaThread "Stdin handler" [_thread_blocked, id=18120, stack(0x0000008bfad00000,0x0000008bfae00000)]
  0x000001cc95286800 JavaThread "Daemon client event forwarder" [_thread_blocked, id=17184, stack(0x0000008bfae00000,0x0000008bfaf00000)]
  0x000001cc95287800 JavaThread "Cache worker for file hash cache (C:\Users\adria\AndroidStudioProjects\DisneyTripPlanner\.gradle\7.0.2\fileHashes)" [_thread_blocked, id=9072, stack(0x0000008bfb000000,0x0000008bfb100000)]
  0x000001cc9528b800 JavaThread "Cache worker for checksums cache (C:\Users\adria\AndroidStudioProjects\DisneyTripPlanner\.gradle\checksums)" [_thread_blocked, id=24468, stack(0x0000008bfbb00000,0x0000008bfbc00000)]
  0x000001cc9528a800 JavaThread "Cache worker for cache directory md-supplier (C:\Users\adria\.gradle\caches\7.0.2\md-supplier)" [_thread_blocked, id=21772, stack(0x0000008bfbe00000,0x0000008bfbf00000)]
  0x000001cc9528d000 JavaThread "Cache worker for cache directory md-rule (C:\Users\adria\.gradle\caches\7.0.2\md-rule)" [_thread_blocked, id=7532, stack(0x0000008bfbf00000,0x0000008bfc000000)]
  0x000001cc9528c800 JavaThread "Cache worker for dependencies-accessors (C:\Users\adria\AndroidStudioProjects\DisneyTripPlanner\.gradle\7.0.2\dependencies-accessors)" [_thread_blocked, id=22640, stack(0x0000008bfc000000,0x0000008bfc100000)]
  0x000001cc95288800 JavaThread "Cache worker for Build Output Cleanup Cache (C:\Users\adria\AndroidStudioProjects\DisneyTripPlanner\.gradle\buildOutputCleanup)" [_thread_blocked, id=19264, stack(0x0000008bfc500000,0x0000008bfc600000)]
  0x000001cc9dd57800 JavaThread "Build operations" [_thread_blocked, id=21824, stack(0x0000008bfc700000,0x0000008bfc800000)]
  0x000001cc9dd5a000 JavaThread "Build operations Thread 2" [_thread_blocked, id=24124, stack(0x0000008bfc800000,0x0000008bfc900000)]
  0x000001cc9dd58800 JavaThread "Build operations Thread 3" [_thread_blocked, id=11268, stack(0x0000008bfc900000,0x0000008bfca00000)]
  0x000001cc9dd59800 JavaThread "Build operations Thread 4" [_thread_blocked, id=26056, stack(0x0000008bfca00000,0x0000008bfcb00000)]
  0x000001cc9dd5b800 JavaThread "Build operations Thread 5" [_thread_blocked, id=9200, stack(0x0000008bfcb00000,0x0000008bfcc00000)]
  0x000001cc9dd56000 JavaThread "Build operations Thread 6" [_thread_blocked, id=14160, stack(0x0000008bfcc00000,0x0000008bfcd00000)]
  0x000001cc9dd5f000 JavaThread "Build operations Thread 7" [_thread_blocked, id=4724, stack(0x0000008bfcd00000,0x0000008bfce00000)]
  0x000001cc9dd5e000 JavaThread "Build operations Thread 8" [_thread_blocked, id=30360, stack(0x0000008bfce00000,0x0000008bfcf00000)]
  0x000001cc9dd5d800 JavaThread "build event listener" [_thread_blocked, id=3560, stack(0x0000008bfcf00000,0x0000008bfd000000)]
  0x000001cc9dd61800 JavaThread "Execution worker for ':'" [_thread_blocked, id=22068, stack(0x0000008bfd500000,0x0000008bfd600000)]
  0x000001cc9dd60800 JavaThread "Execution worker for ':' Thread 2" [_thread_blocked, id=15928, stack(0x0000008bfd600000,0x0000008bfd700000)]
  0x000001cc9dd60000 JavaThread "Execution worker for ':' Thread 3" [_thread_blocked, id=26420, stack(0x0000008bfd700000,0x0000008bfd800000)]
  0x000001cc9dd5c800 JavaThread "Execution worker for ':' Thread 4" [_thread_blocked, id=29744, stack(0x0000008bfd800000,0x0000008bfd900000)]
  0x000001cc9dd62000 JavaThread "Execution worker for ':' Thread 5" [_thread_blocked, id=22876, stack(0x0000008bfd900000,0x0000008bfda00000)]
  0x000001cc9dd64000 JavaThread "Execution worker for ':' Thread 6" [_thread_blocked, id=12924, stack(0x0000008bfda00000,0x0000008bfdb00000)]
  0x000001cc958f9000 JavaThread "Execution worker for ':' Thread 7" [_thread_blocked, id=20312, stack(0x0000008bfdb00000,0x0000008bfdc00000)]
  0x000001cc958f7800 JavaThread "Cache worker for execution history cache (C:\Users\adria\AndroidStudioProjects\DisneyTripPlanner\.gradle\7.0.2\executionHistory)" [_thread_blocked, id=29844, stack(0x0000008bfdc00000,0x0000008bfdd00000)]
  0x000001cc958fe000 JavaThread "WorkerExecutor Queue Thread 2" [_thread_blocked, id=21900, stack(0x0000008bfde00000,0x0000008bfdf00000)]
  0x000001cc958f8800 JavaThread "WorkerExecutor Queue Thread 4" [_thread_blocked, id=30476, stack(0x0000008bfe000000,0x0000008bfe100000)]
  0x000001cc95900800 JavaThread "WorkerExecutor Queue Thread 6" [_thread_blocked, id=3996, stack(0x0000008bfe200000,0x0000008bfe300000)]
  0x000001cc95903000 JavaThread "WorkerExecutor Queue Thread 8" [_thread_blocked, id=24300, stack(0x0000008bfe400000,0x0000008bfe500000)]
  0x000001cc913e2800 JavaThread "pool-26-thread-1" [_thread_blocked, id=24440, stack(0x0000008bfe500000,0x0000008bfe600000)]
  0x000001cc913e7800 JavaThread "stderr" [_thread_in_native, id=29632, stack(0x0000008bfe600000,0x0000008bfe700000)]
  0x000001cc913e6000 JavaThread "stdout" [_thread_in_native, id=23632, stack(0x0000008bfe700000,0x0000008bfe800000)]
  0x000001cc913e3800 JavaThread "ForkJoinPool-4-worker-3" daemon [_thread_blocked, id=1868, stack(0x0000008bfe900000,0x0000008bfea00000)]
  0x000001cc9c9c7800 JavaThread "ForkJoinPool-4-worker-5" daemon [_thread_blocked, id=11660, stack(0x0000008bfea00000,0x0000008bfeb00000)]
  0x000001cc9c9c8800 JavaThread "ForkJoinPool-4-worker-7" daemon [_thread_blocked, id=26184, stack(0x0000008bfeb00000,0x0000008bfec00000)]
  0x000001cc9c9c6000 JavaThread "ForkJoinPool-4-worker-9" daemon [_thread_blocked, id=9356, stack(0x0000008bfec00000,0x0000008bfed00000)]
  0x000001cc9c9c4800 JavaThread "ForkJoinPool-4-worker-11" daemon [_thread_blocked, id=4028, stack(0x0000008bfed00000,0x0000008bfee00000)]
  0x000001cc9c9c9000 JavaThread "ForkJoinPool-4-worker-13" daemon [_thread_blocked, id=25184, stack(0x0000008bfee00000,0x0000008bfef00000)]
  0x000001cc9c9c3800 JavaThread "ForkJoinPool-4-worker-15" daemon [_thread_blocked, id=12796, stack(0x0000008bfef00000,0x0000008bff000000)]
  0x000001cc9c9cb000 JavaThread "ForkJoinPool-4-worker-1" daemon [_thread_blocked, id=4056, stack(0x0000008bff000000,0x0000008bff100000)]

Other Threads:
=>0x000001ccff6e3800 VMThread "VM Thread" [stack: 0x0000008bf9a00000,0x0000008bf9b00000] [id=29292]
  0x000001cc912af000 WatcherThread [stack: 0x0000008bfa400000,0x0000008bfa500000] [id=28412]
  0x000001ccf6299000 GCTaskThread "GC Thread#0" [stack: 0x0000008bf9500000,0x0000008bf9600000] [id=25524]
  0x000001cc91a8d000 GCTaskThread "GC Thread#1" [stack: 0x0000008bfa500000,0x0000008bfa600000] [id=13320]
  0x000001cc91e67800 GCTaskThread "GC Thread#2" [stack: 0x0000008bfa600000,0x0000008bfa700000] [id=1620]
  0x000001cc92a3b000 GCTaskThread "GC Thread#3" [stack: 0x0000008bfb100000,0x0000008bfb200000] [id=17896]
  0x000001cc92a3b800 GCTaskThread "GC Thread#4" [stack: 0x0000008bfb200000,0x0000008bfb300000] [id=16256]
  0x000001cc91728000 GCTaskThread "GC Thread#5" [stack: 0x0000008bfb300000,0x0000008bfb400000] [id=16764]
  0x000001cc91729000 GCTaskThread "GC Thread#6" [stack: 0x0000008bfb400000,0x0000008bfb500000] [id=1676]
  0x000001cc9244e800 GCTaskThread "GC Thread#7" [stack: 0x0000008bfb500000,0x0000008bfb600000] [id=29084]
  0x000001ccf62cc800 ConcurrentGCThread "G1 Main Marker" [stack: 0x0000008bf9600000,0x0000008bf9700000] [id=7212]
  0x000001ccf62cd800 ConcurrentGCThread "G1 Conc#0" [stack: 0x0000008bf9700000,0x0000008bf9800000] [id=18976]
  0x000001cc92ba3000 ConcurrentGCThread "G1 Conc#1" [stack: 0x0000008bfb900000,0x0000008bfba00000] [id=17604]
  0x000001ccf635e800 ConcurrentGCThread "G1 Refine#0" [stack: 0x0000008bf9800000,0x0000008bf9900000] [id=26192]
  0x000001cc92326000 ConcurrentGCThread "G1 Refine#1" [stack: 0x0000008bfb600000,0x0000008bfb700000] [id=25092]
  0x000001ccff532800 ConcurrentGCThread "G1 Young RemSet Sampling" [stack: 0x0000008bf9900000,0x0000008bf9a00000] [id=24760]

Threads with active compile tasks:
C2 CompilerThread013157572 31425       4       com.android.tools.r8.graph.J$$Lambda$1604/0x0000000100dc0440::a (5 bytes)

VM state:at safepoint (normal execution)

VM Mutex/Monitor currently owned by a thread:  ([mutex/lock_event])
[0x000001ccf627b830] Threads_lock - owner thread: 0x000001ccff6e3800
[0x000001ccf627c640] Heap_lock - owner thread: 0x000001cc9c9c3800

Heap address: 0x0000000080000000, size: 2048 MB, Compressed Oops mode: 32-bit
Narrow klass base: 0x0000000000000000, Narrow klass shift: 3
Compressed class space size: 1073741824 Address: 0x0000000100000000

Heap:
 garbage-first heap   total 731136K, used 209201K [0x0000000080000000, 0x0000000100000000)
  region size 1024K, 3 young (3072K), 3 survivors (3072K)
 Metaspace       used 152104K, capacity 156636K, committed 157056K, reserved 1185792K
  class space    used 18764K, capacity 20419K, committed 20608K, reserved 1048576K
Heap Regions: E=young(eden), S=young(survivor), O=old, HS=humongous(starts), HC=humongous(continues), CS=collection set, F=free, A=archive, TAMS=top-at-mark-start (previous, next)
|   0|0x0000000080000000, 0x0000000080100000, 0x0000000080100000|100%| O|  |TAMS 0x0000000080100000, 0x0000000080000000| Untracked 
|   1|0x0000000080100000, 0x0000000080200000, 0x0000000080200000|100%| O|  |TAMS 0x0000000080200000, 0x0000000080100000| Untracked 
|   2|0x0000000080200000, 0x0000000080300000, 0x0000000080300000|100%| O|  |TAMS 0x0000000080300000, 0x0000000080200000| Untracked 
|   3|0x0000000080300000, 0x0000000080400000, 0x0000000080400000|100%|HS|  |TAMS 0x0000000080400000, 0x0000000080300000| Complete 
|   4|0x0000000080400000, 0x0000000080500000, 0x0000000080500000|100%|HC|  |TAMS 0x0000000080500000, 0x0000000080400000| Complete 
|   5|0x0000000080500000, 0x0000000080600000, 0x0000000080600000|100%|HC|  |TAMS 0x0000000080600000, 0x0000000080500000| Complete 
|   6|0x0000000080600000, 0x0000000080700000, 0x0000000080700000|100%| O|  |TAMS 0x0000000080700000, 0x0000000080600000| Untracked 
|   7|0x0000000080700000, 0x0000000080800000, 0x0000000080800000|100%| O|  |TAMS 0x0000000080800000, 0x0000000080700000| Untracked 
|   8|0x0000000080800000, 0x0000000080900000, 0x0000000080900000|100%| O|  |TAMS 0x0000000080900000, 0x0000000080800000| Complete 
|   9|0x0000000080900000, 0x0000000080a00000, 0x0000000080a00000|100%| O|  |TAMS 0x0000000080a00000, 0x0000000080900000| Untracked 
|  10|0x0000000080a00000, 0x0000000080b00000, 0x0000000080b00000|100%| O|  |TAMS 0x0000000080b00000, 0x0000000080a00000| Untracked 
|  11|0x0000000080b00000, 0x0000000080c00000, 0x0000000080c00000|100%| O|  |TAMS 0x0000000080c00000, 0x0000000080b00000| Untracked 
|  12|0x0000000080c00000, 0x0000000080d00000, 0x0000000080d00000|100%| O|  |TAMS 0x0000000080d00000, 0x0000000080c00000| Complete 
|  13|0x0000000080d00000, 0x0000000080e00000, 0x0000000080e00000|100%| O|  |TAMS 0x0000000080e00000, 0x0000000080d00000| Untracked 
|  14|0x0000000080e00000, 0x0000000080f00000, 0x0000000080f00000|100%| O|  |TAMS 0x0000000080f00000, 0x0000000080e00000| Untracked 
|  15|0x0000000080f00000, 0x0000000081000000, 0x0000000081000000|100%| O|  |TAMS 0x0000000081000000, 0x0000000080f00000| Complete 
|  16|0x0000000081000000, 0x0000000081100000, 0x0000000081100000|100%| O|  |TAMS 0x0000000081100000, 0x0000000081000000| Complete 
|  17|0x0000000081100000, 0x0000000081200000, 0x0000000081200000|100%| O|  |TAMS 0x0000000081200000, 0x0000000081100000| Untracked 
|  18|0x0000000081200000, 0x0000000081300000, 0x0000000081300000|100%| O|  |TAMS 0x0000000081300000, 0x0000000081200000| Complete 
|  19|0x0000000081300000, 0x0000000081400000, 0x0000000081400000|100%| O|  |TAMS 0x0000000081400000, 0x0000000081300000| Complete 
|  20|0x0000000081400000, 0x0000000081500000, 0x0000000081500000|100%| O|  |TAMS 0x0000000081500000, 0x0000000081400000| Complete 
|  21|0x0000000081500000, 0x0000000081600000, 0x0000000081600000|100%| O|  |TAMS 0x0000000081600000, 0x0000000081500000| Complete 
|  22|0x0000000081600000, 0x0000000081700000, 0x0000000081700000|100%| O|  |TAMS 0x0000000081700000, 0x0000000081600000| Untracked 
|  23|0x0000000081700000, 0x0000000081800000, 0x0000000081800000|100%| O|  |TAMS 0x0000000081800000, 0x0000000081700000| Complete 
|  24|0x0000000081800000, 0x0000000081900000, 0x0000000081900000|100%| O|  |TAMS 0x0000000081900000, 0x0000000081800000| Untracked 
|  25|0x0000000081900000, 0x0000000081a00000, 0x0000000081a00000|100%| O|  |TAMS 0x0000000081a00000, 0x0000000081900000| Complete 
|  26|0x0000000081a00000, 0x0000000081b00000, 0x0000000081b00000|100%| O|  |TAMS 0x0000000081b00000, 0x0000000081a00000| Complete 
|  27|0x0000000081b00000, 0x0000000081c00000, 0x0000000081c00000|100%|HS|  |TAMS 0x0000000081c00000, 0x0000000081b00000| Complete 
|  28|0x0000000081c00000, 0x0000000081d00000, 0x0000000081d00000|100%|HS|  |TAMS 0x0000000081d00000, 0x0000000081c00000| Complete 
|  29|0x0000000081d00000, 0x0000000081e00000, 0x0000000081e00000|100%|HS|  |TAMS 0x0000000081e00000, 0x0000000081d00000| Complete 
|  30|0x0000000081e00000, 0x0000000081f00000, 0x0000000081f00000|100%|HC|  |TAMS 0x0000000081f00000, 0x0000000081e00000| Complete 
|  31|0x0000000081f00000, 0x0000000082000000, 0x0000000082000000|100%| O|  |TAMS 0x0000000082000000, 0x0000000081f00000| Complete 
|  32|0x0000000082000000, 0x0000000082100000, 0x0000000082100000|100%| O|  |TAMS 0x0000000082100000, 0x0000000082000000| Untracked 
|  33|0x0000000082100000, 0x0000000082200000, 0x0000000082200000|100%| O|  |TAMS 0x0000000082200000, 0x0000000082100000| Complete 
|  34|0x0000000082200000, 0x0000000082300000, 0x0000000082300000|100%| O|  |TAMS 0x0000000082300000, 0x0000000082200000| Complete 
|  35|0x0000000082300000, 0x0000000082400000, 0x0000000082400000|100%| O|  |TAMS 0x0000000082400000, 0x0000000082300000| Complete 
|  36|0x0000000082400000, 0x0000000082500000, 0x0000000082500000|100%| O|  |TAMS 0x0000000082500000, 0x0000000082400000| Untracked 
|  37|0x0000000082500000, 0x0000000082600000, 0x0000000082600000|100%| O|  |TAMS 0x0000000082600000, 0x0000000082500000| Untracked 
|  38|0x0000000082600000, 0x0000000082700000, 0x0000000082700000|100%| O|  |TAMS 0x0000000082700000, 0x0000000082600000| Untracked 
|  39|0x0000000082700000, 0x0000000082800000, 0x0000000082800000|100%| O|  |TAMS 0x0000000082800000, 0x0000000082700000| Untracked 
|  40|0x0000000082800000, 0x0000000082800000, 0x0000000082900000|  0%| F|  |TAMS 0x0000000082800000, 0x0000000082800000| Untracked 
|  41|0x0000000082900000, 0x0000000082a00000, 0x0000000082a00000|100%| O|  |TAMS 0x0000000082a00000, 0x0000000082900000| Complete 
|  42|0x0000000082a00000, 0x0000000082b00000, 0x0000000082b00000|100%|HS|  |TAMS 0x0000000082b00000, 0x0000000082a00000| Complete 
|  43|0x0000000082b00000, 0x0000000082c00000, 0x0000000082c00000|100%| O|  |TAMS 0x0000000082c00000, 0x0000000082b00000| Untracked 
|  44|0x0000000082c00000, 0x0000000082d00000, 0x0000000082d00000|100%| O|  |TAMS 0x0000000082d00000, 0x0000000082c00000| Complete 
|  45|0x0000000082d00000, 0x0000000082e00000, 0x0000000082e00000|100%| O|  |TAMS 0x0000000082e00000, 0x0000000082d00000| Untracked 
|  46|0x0000000082e00000, 0x0000000082f00000, 0x0000000082f00000|100%| O|  |TAMS 0x0000000082f00000, 0x0000000082e00000| Untracked 
|  47|0x0000000082f00000, 0x0000000083000000, 0x0000000083000000|100%| O|  |TAMS 0x0000000083000000, 0x0000000082f00000| Untracked 
|  48|0x0000000083000000, 0x0000000083100000, 0x0000000083100000|100%| O|  |TAMS 0x0000000083100000, 0x0000000083000000| Untracked 
|  49|0x0000000083100000, 0x0000000083200000, 0x0000000083200000|100%| O|  |TAMS 0x0000000083200000, 0x0000000083100000| Untracked 
|  50|0x0000000083200000, 0x0000000083300000, 0x0000000083300000|100%| O|  |TAMS 0x0000000083300000, 0x0000000083200000| Complete 
|  51|0x0000000083300000, 0x0000000083400000, 0x0000000083400000|100%| O|  |TAMS 0x0000000083400000, 0x0000000083300000| Untracked 
|  52|0x0000000083400000, 0x0000000083500000, 0x0000000083500000|100%| O|  |TAMS 0x0000000083500000, 0x0000000083400000| Untracked 
|  53|0x0000000083500000, 0x0000000083600000, 0x0000000083600000|100%| O|  |TAMS 0x0000000083600000, 0x0000000083500000| Untracked 
|  54|0x0000000083600000, 0x0000000083700000, 0x0000000083700000|100%| O|  |TAMS 0x0000000083700000, 0x0000000083600000| Complete 
|  55|0x0000000083700000, 0x0000000083800000, 0x0000000083800000|100%| O|  |TAMS 0x0000000083800000, 0x0000000083700000| Untracked 
|  56|0x0000000083800000, 0x0000000083900000, 0x0000000083900000|100%| O|  |TAMS 0x0000000083900000, 0x0000000083800000| Untracked 
|  57|0x0000000083900000, 0x0000000083a00000, 0x0000000083a00000|100%| O|  |TAMS 0x0000000083a00000, 0x0000000083900000| Untracked 
|  58|0x0000000083a00000, 0x0000000083b00000, 0x0000000083b00000|100%| O|  |TAMS 0x0000000083b00000, 0x0000000083a00000| Complete 
|  59|0x0000000083b00000, 0x0000000083c00000, 0x0000000083c00000|100%| O|  |TAMS 0x0000000083c00000, 0x0000000083b00000| Untracked 
|  60|0x0000000083c00000, 0x0000000083d00000, 0x0000000083d00000|100%| O|  |TAMS 0x0000000083d00000, 0x0000000083c00000| Complete 
|  61|0x0000000083d00000, 0x0000000083e00000, 0x0000000083e00000|100%| O|  |TAMS 0x0000000083e00000, 0x0000000083d00000| Untracked 
|  62|0x0000000083e00000, 0x0000000083f00000, 0x0000000083f00000|100%| O|  |TAMS 0x0000000083f00000, 0x0000000083e00000| Untracked 
|  63|0x0000000083f00000, 0x0000000084000000, 0x0000000084000000|100%| O|  |TAMS 0x0000000084000000, 0x0000000083f00000| Untracked 
|  64|0x0000000084000000, 0x0000000084100000, 0x0000000084100000|100%| O|  |TAMS 0x0000000084100000, 0x0000000084000000| Complete 
|  65|0x0000000084100000, 0x0000000084200000, 0x0000000084200000|100%| O|  |TAMS 0x0000000084200000, 0x0000000084100000| Untracked 
|  66|0x0000000084200000, 0x0000000084300000, 0x0000000084300000|100%| O|  |TAMS 0x0000000084300000, 0x0000000084200000| Complete 
|  67|0x0000000084300000, 0x0000000084400000, 0x0000000084400000|100%| O|  |TAMS 0x0000000084400000, 0x0000000084300000| Complete 
|  68|0x0000000084400000, 0x0000000084500000, 0x0000000084500000|100%| O|  |TAMS 0x0000000084500000, 0x0000000084400000| Untracked 
|  69|0x0000000084500000, 0x0000000084600000, 0x0000000084600000|100%| O|  |TAMS 0x0000000084600000, 0x0000000084500000| Untracked 
|  70|0x0000000084600000, 0x0000000084700000, 0x0000000084700000|100%| O|  |TAMS 0x0000000084700000, 0x0000000084600000| Complete 
|  71|0x0000000084700000, 0x0000000084800000, 0x0000000084800000|100%| O|  |TAMS 0x0000000084800000, 0x0000000084700000| Complete 
|  72|0x0000000084800000, 0x0000000084900000, 0x0000000084900000|100%| O|  |TAMS 0x0000000084900000, 0x0000000084800000| Untracked 
|  73|0x0000000084900000, 0x0000000084900000, 0x0000000084a00000|  0%| F|  |TAMS 0x0000000084900000, 0x0000000084900000| Untracked 
|  74|0x0000000084a00000, 0x0000000084b00000, 0x0000000084b00000|100%| O|  |TAMS 0x0000000084b00000, 0x0000000084a00000| Complete 
|  75|0x0000000084b00000, 0x0000000084c00000, 0x0000000084c00000|100%| O|  |TAMS 0x0000000084c00000, 0x0000000084b00000| Untracked 
|  76|0x0000000084c00000, 0x0000000084d00000, 0x0000000084d00000|100%| O|  |TAMS 0x0000000084d00000, 0x0000000084c00000| Complete 
|  77|0x0000000084d00000, 0x0000000084e00000, 0x0000000084e00000|100%|HS|  |TAMS 0x0000000084e00000, 0x0000000084d00000| Complete 
|  78|0x0000000084e00000, 0x0000000084f00000, 0x0000000084f00000|100%|HC|  |TAMS 0x0000000084f00000, 0x0000000084e00000| Complete 
|  79|0x0000000084f00000, 0x0000000085000000, 0x0000000085000000|100%| O|  |TAMS 0x0000000085000000, 0x0000000084f00000| Complete 
|  80|0x0000000085000000, 0x0000000085100000, 0x0000000085100000|100%| O|  |TAMS 0x0000000085100000, 0x0000000085000000| Complete 
|  81|0x0000000085100000, 0x0000000085200000, 0x0000000085200000|100%| O|  |TAMS 0x0000000085200000, 0x0000000085100000| Complete 
|  82|0x0000000085200000, 0x0000000085300000, 0x0000000085300000|100%| O|  |TAMS 0x0000000085300000, 0x0000000085200000| Complete 
|  83|0x0000000085300000, 0x0000000085400000, 0x0000000085400000|100%| O|  |TAMS 0x0000000085400000, 0x0000000085300000| Complete 
|  84|0x0000000085400000, 0x0000000085500000, 0x0000000085500000|100%|HS|  |TAMS 0x0000000085500000, 0x0000000085400000| Complete 
|  85|0x0000000085500000, 0x0000000085600000, 0x0000000085600000|100%|HC|  |TAMS 0x0000000085600000, 0x0000000085500000| Complete 
|  86|0x0000000085600000, 0x0000000085700000, 0x0000000085700000|100%| O|  |TAMS 0x0000000085700000, 0x0000000085600000| Complete 
|  87|0x0000000085700000, 0x0000000085800000, 0x0000000085800000|100%|HS|  |TAMS 0x0000000085800000, 0x0000000085700000| Complete 
|  88|0x0000000085800000, 0x0000000085900000, 0x0000000085900000|100%|HC|  |TAMS 0x0000000085900000, 0x0000000085800000| Complete 
|  89|0x0000000085900000, 0x0000000085a00000, 0x0000000085a00000|100%|HC|  |TAMS 0x0000000085a00000, 0x0000000085900000| Complete 
|  90|0x0000000085a00000, 0x0000000085b00000, 0x0000000085b00000|100%|HS|  |TAMS 0x0000000085b00000, 0x0000000085a00000| Complete 
|  91|0x0000000085b00000, 0x0000000085c00000, 0x0000000085c00000|100%|HC|  |TAMS 0x0000000085c00000, 0x0000000085b00000| Complete 
|  92|0x0000000085c00000, 0x0000000085d00000, 0x0000000085d00000|100%|HC|  |TAMS 0x0000000085d00000, 0x0000000085c00000| Complete 
|  93|0x0000000085d00000, 0x0000000085e00000, 0x0000000085e00000|100%|HC|  |TAMS 0x0000000085e00000, 0x0000000085d00000| Complete 
|  94|0x0000000085e00000, 0x0000000085f00000, 0x0000000085f00000|100%|HC|  |TAMS 0x0000000085f00000, 0x0000000085e00000| Complete 
|  95|0x0000000085f00000, 0x0000000086000000, 0x0000000086000000|100%| O|  |TAMS 0x0000000086000000, 0x0000000085f00000| Untracked 
|  96|0x0000000086000000, 0x0000000086100000, 0x0000000086100000|100%|HS|  |TAMS 0x0000000086100000, 0x0000000086000000| Complete 
|  97|0x0000000086100000, 0x0000000086200000, 0x0000000086200000|100%| O|  |TAMS 0x0000000086200000, 0x0000000086100000| Complete 
|  98|0x0000000086200000, 0x0000000086300000, 0x0000000086300000|100%| O|  |TAMS 0x0000000086300000, 0x0000000086200000| Complete 
|  99|0x0000000086300000, 0x0000000086400000, 0x0000000086400000|100%| O|  |TAMS 0x0000000086400000, 0x0000000086300000| Complete 
| 100|0x0000000086400000, 0x0000000086400000, 0x0000000086500000|  0%| F|  |TAMS 0x0000000086400000, 0x0000000086400000| Untracked 
| 101|0x0000000086500000, 0x0000000086600000, 0x0000000086600000|100%|HS|  |TAMS 0x0000000086600000, 0x0000000086500000| Complete 
| 102|0x0000000086600000, 0x0000000086700000, 0x0000000086700000|100%| O|  |TAMS 0x0000000086700000, 0x0000000086600000| Untracked 
| 103|0x0000000086700000, 0x0000000086800000, 0x0000000086800000|100%| O|  |TAMS 0x0000000086800000, 0x0000000086700000| Complete 
| 104|0x0000000086800000, 0x0000000086900000, 0x0000000086900000|100%| O|  |TAMS 0x0000000086900000, 0x0000000086800000| Untracked 
| 105|0x0000000086900000, 0x0000000086a00000, 0x0000000086a00000|100%|HS|  |TAMS 0x0000000086a00000, 0x0000000086900000| Complete 
| 106|0x0000000086a00000, 0x0000000086b00000, 0x0000000086b00000|100%|HC|  |TAMS 0x0000000086b00000, 0x0000000086a00000| Complete 
| 107|0x0000000086b00000, 0x0000000086c00000, 0x0000000086c00000|100%| O|  |TAMS 0x0000000086c00000, 0x0000000086b00000| Complete 
| 108|0x0000000086c00000, 0x0000000086d00000, 0x0000000086d00000|100%| O|  |TAMS 0x0000000086d00000, 0x0000000086c00000| Untracked 
| 109|0x0000000086d00000, 0x0000000086e00000, 0x0000000086e00000|100%| O|  |TAMS 0x0000000086e00000, 0x0000000086d00000| Complete 
| 110|0x0000000086e00000, 0x0000000086f00000, 0x0000000086f00000|100%| O|  |TAMS 0x0000000086f00000, 0x0000000086e00000| Complete 
| 111|0x0000000086f00000, 0x0000000087000000, 0x0000000087000000|100%| O|  |TAMS 0x0000000087000000, 0x0000000086f00000| Complete 
| 112|0x0000000087000000, 0x0000000087100000, 0x0000000087100000|100%| O|  |TAMS 0x0000000087100000, 0x0000000087000000| Untracked 
| 113|0x0000000087100000, 0x0000000087200000, 0x0000000087200000|100%| O|  |TAMS 0x0000000087200000, 0x0000000087100000| Untracked 
| 114|0x0000000087200000, 0x0000000087200000, 0x0000000087300000|  0%| F|  |TAMS 0x0000000087200000, 0x0000000087200000| Untracked 
| 115|0x0000000087300000, 0x0000000087400000, 0x0000000087400000|100%| O|  |TAMS 0x0000000087400000, 0x0000000087300000| Untracked 
| 116|0x0000000087400000, 0x0000000087500000, 0x0000000087500000|100%| O|  |TAMS 0x0000000087500000, 0x0000000087400000| Untracked 
| 117|0x0000000087500000, 0x0000000087600000, 0x0000000087600000|100%|HS|  |TAMS 0x0000000087500000, 0x0000000087500000| Complete 
| 118|0x0000000087600000, 0x0000000087700000, 0x0000000087700000|100%| O|  |TAMS 0x0000000087700000, 0x0000000087600000| Complete 
| 119|0x0000000087700000, 0x0000000087800000, 0x0000000087800000|100%|HS|  |TAMS 0x0000000087800000, 0x0000000087700000| Complete 
| 120|0x0000000087800000, 0x0000000087900000, 0x0000000087900000|100%|HC|  |TAMS 0x0000000087900000, 0x0000000087800000| Complete 
| 121|0x0000000087900000, 0x0000000087a00000, 0x0000000087a00000|100%|HC|  |TAMS 0x0000000087a00000, 0x0000000087900000| Complete 
| 122|0x0000000087a00000, 0x0000000087b00000, 0x0000000087b00000|100%|HC|  |TAMS 0x0000000087b00000, 0x0000000087a00000| Complete 
| 123|0x0000000087b00000, 0x0000000087c00000, 0x0000000087c00000|100%|HC|  |TAMS 0x0000000087c00000, 0x0000000087b00000| Complete 
| 124|0x0000000087c00000, 0x0000000087d00000, 0x0000000087d00000|100%| O|  |TAMS 0x0000000087d00000, 0x0000000087c00000| Untracked 
| 125|0x0000000087d00000, 0x0000000087d00000, 0x0000000087e00000|  0%| F|  |TAMS 0x0000000087d00000, 0x0000000087d00000| Untracked 
| 126|0x0000000087e00000, 0x0000000087f00000, 0x0000000087f00000|100%| O|  |TAMS 0x0000000087f00000, 0x0000000087e00000| Untracked 
| 127|0x0000000087f00000, 0x0000000088000000, 0x0000000088000000|100%|HS|  |TAMS 0x0000000087f00000, 0x0000000087f00000| Complete 
| 128|0x0000000088000000, 0x0000000088100000, 0x0000000088100000|100%|HS|  |TAMS 0x0000000088000000, 0x0000000088000000| Complete 
| 129|0x0000000088100000, 0x0000000088200000, 0x0000000088200000|100%| O|  |TAMS 0x0000000088100000, 0x0000000088100000| Untracked 
| 130|0x0000000088200000, 0x0000000088300000, 0x0000000088300000|100%| O|  |TAMS 0x0000000088300000, 0x0000000088200000| Untracked 
| 131|0x0000000088300000, 0x0000000088400000, 0x0000000088400000|100%| O|  |TAMS 0x0000000088300000, 0x0000000088300000| Untracked 
| 132|0x0000000088400000, 0x0000000088500000, 0x0000000088500000|100%| O|  |TAMS 0x0000000088500000, 0x0000000088400000| Untracked 
| 133|0x0000000088500000, 0x0000000088600000, 0x0000000088600000|100%| O|  |TAMS 0x0000000088600000, 0x0000000088500000| Untracked 
| 134|0x0000000088600000, 0x0000000088700000, 0x0000000088700000|100%| O|  |TAMS 0x0000000088700000, 0x0000000088600000| Untracked 
| 135|0x0000000088700000, 0x0000000088800000, 0x0000000088800000|100%| O|  |TAMS 0x0000000088800000, 0x0000000088700000| Untracked 
| 136|0x0000000088800000, 0x0000000088900000, 0x0000000088900000|100%|HS|  |TAMS 0x0000000088900000, 0x0000000088800000| Complete 
| 137|0x0000000088900000, 0x0000000088a00000, 0x0000000088a00000|100%| O|  |TAMS 0x0000000088a00000, 0x0000000088900000| Untracked 
| 138|0x0000000088a00000, 0x0000000088b00000, 0x0000000088b00000|100%| O|  |TAMS 0x0000000088b00000, 0x0000000088a00000| Complete 
| 139|0x0000000088b00000, 0x0000000088c00000, 0x0000000088c00000|100%| O|  |TAMS 0x0000000088c00000, 0x0000000088b00000| Untracked 
| 140|0x0000000088c00000, 0x0000000088d00000, 0x0000000088d00000|100%|HS|  |TAMS 0x0000000088d00000, 0x0000000088c00000| Complete 
| 141|0x0000000088d00000, 0x0000000088e00000, 0x0000000088e00000|100%| O|  |TAMS 0x0000000088e00000, 0x0000000088d00000| Untracked 
| 142|0x0000000088e00000, 0x0000000088f00000, 0x0000000088f00000|100%| O|  |TAMS 0x0000000088f00000, 0x0000000088e00000| Complete 
| 143|0x0000000088f00000, 0x0000000089000000, 0x0000000089000000|100%| O|  |TAMS 0x0000000089000000, 0x0000000088f00000| Complete 
| 144|0x0000000089000000, 0x0000000089100000, 0x0000000089100000|100%| O|  |TAMS 0x0000000089100000, 0x0000000089000000| Untracked 
| 145|0x0000000089100000, 0x0000000089200000, 0x0000000089200000|100%| O|  |TAMS 0x0000000089200000, 0x0000000089100000| Untracked 
| 146|0x0000000089200000, 0x0000000089300000, 0x0000000089300000|100%| O|  |TAMS 0x0000000089300000, 0x0000000089200000| Untracked 
| 147|0x0000000089300000, 0x0000000089400000, 0x0000000089400000|100%| O|  |TAMS 0x0000000089400000, 0x0000000089300000| Complete 
| 148|0x0000000089400000, 0x0000000089400000, 0x0000000089500000|  0%| F|  |TAMS 0x0000000089400000, 0x0000000089400000| Untracked 
| 149|0x0000000089500000, 0x0000000089600000, 0x0000000089600000|100%|HS|  |TAMS 0x0000000089600000, 0x0000000089500000| Complete 
| 150|0x0000000089600000, 0x0000000089700000, 0x0000000089700000|100%|HC|  |TAMS 0x0000000089700000, 0x0000000089600000| Complete 
| 151|0x0000000089700000, 0x0000000089800000, 0x0000000089800000|100%|HC|  |TAMS 0x0000000089800000, 0x0000000089700000| Complete 
| 152|0x0000000089800000, 0x0000000089900000, 0x0000000089900000|100%| O|  |TAMS 0x00000000898a1a00, 0x0000000089800000| Complete 
| 153|0x0000000089900000, 0x0000000089a00000, 0x0000000089a00000|100%|HS|  |TAMS 0x0000000089900000, 0x0000000089900000| Complete 
| 154|0x0000000089a00000, 0x0000000089b00000, 0x0000000089b00000|100%| O|  |TAMS 0x0000000089a00000, 0x0000000089a00000| Untracked 
| 155|0x0000000089b00000, 0x0000000089c00000, 0x0000000089c00000|100%| O|  |TAMS 0x0000000089b00000, 0x0000000089b00000| Untracked 
| 156|0x0000000089c00000, 0x0000000089d00000, 0x0000000089d00000|100%| O|  |TAMS 0x0000000089d00000, 0x0000000089c00000| Untracked 
| 157|0x0000000089d00000, 0x0000000089d00000, 0x0000000089e00000|  0%| F|  |TAMS 0x0000000089d00000, 0x0000000089d00000| Untracked 
| 158|0x0000000089e00000, 0x0000000089f00000, 0x0000000089f00000|100%| O|  |TAMS 0x0000000089e00000, 0x0000000089e00000| Untracked 
| 159|0x0000000089f00000, 0x000000008a000000, 0x000000008a000000|100%| O|  |TAMS 0x0000000089f00000, 0x0000000089f00000| Untracked 
| 160|0x000000008a000000, 0x000000008a100000, 0x000000008a100000|100%| O|  |TAMS 0x000000008a000000, 0x000000008a000000| Untracked 
| 161|0x000000008a100000, 0x000000008a200000, 0x000000008a200000|100%| O|  |TAMS 0x000000008a100000, 0x000000008a100000| Untracked 
| 162|0x000000008a200000, 0x000000008a300000, 0x000000008a300000|100%| O|  |TAMS 0x000000008a300000, 0x000000008a200000| Complete 
| 163|0x000000008a300000, 0x000000008a400000, 0x000000008a400000|100%| O|  |TAMS 0x000000008a300000, 0x000000008a300000| Untracked 
| 164|0x000000008a400000, 0x000000008a500000, 0x000000008a500000|100%| O|  |TAMS 0x000000008a500000, 0x000000008a400000| Complete 
| 165|0x000000008a500000, 0x000000008a600000, 0x000000008a600000|100%| O|  |TAMS 0x000000008a500000, 0x000000008a500000| Untracked 
| 166|0x000000008a600000, 0x000000008a700000, 0x000000008a700000|100%| O|  |TAMS 0x000000008a600000, 0x000000008a600000| Untracked 
| 167|0x000000008a700000, 0x000000008a800000, 0x000000008a800000|100%| O|  |TAMS 0x000000008a700000, 0x000000008a700000| Untracked 
| 168|0x000000008a800000, 0x000000008a900000, 0x000000008a900000|100%| O|  |TAMS 0x000000008a800000, 0x000000008a800000| Untracked 
| 169|0x000000008a900000, 0x000000008aa00000, 0x000000008aa00000|100%| O|  |TAMS 0x000000008aa00000, 0x000000008a900000| Complete 
| 170|0x000000008aa00000, 0x000000008ab00000, 0x000000008ab00000|100%|HS|  |TAMS 0x000000008ab00000, 0x000000008aa00000| Complete 
| 171|0x000000008ab00000, 0x000000008ac00000, 0x000000008ac00000|100%| O|  |TAMS 0x000000008ac00000, 0x000000008ab00000| Untracked 
| 172|0x000000008ac00000, 0x000000008ad00000, 0x000000008ad00000|100%| O|  |TAMS 0x000000008ad00000, 0x000000008ac00000| Complete 
| 173|0x000000008ad00000, 0x000000008ae00000, 0x000000008ae00000|100%| O|  |TAMS 0x000000008ae00000, 0x000000008ad00000| Complete 
| 174|0x000000008ae00000, 0x000000008af00000, 0x000000008af00000|100%| O|  |TAMS 0x000000008af00000, 0x000000008ae00000| Complete 
| 175|0x000000008af00000, 0x000000008af00000, 0x000000008b000000|  0%| F|  |TAMS 0x000000008af00000, 0x000000008af00000| Untracked 
| 176|0x000000008b000000, 0x000000008b100000, 0x000000008b100000|100%| O|  |TAMS 0x000000008b100000, 0x000000008b000000| Complete 
| 177|0x000000008b100000, 0x000000008b100000, 0x000000008b200000|  0%| F|  |TAMS 0x000000008b100000, 0x000000008b100000| Untracked 
| 178|0x000000008b200000, 0x000000008b200000, 0x000000008b300000|  0%| F|  |TAMS 0x000000008b200000, 0x000000008b200000| Untracked 
| 179|0x000000008b300000, 0x000000008b400000, 0x000000008b400000|100%| O|  |TAMS 0x000000008b400000, 0x000000008b300000| Complete 
| 180|0x000000008b400000, 0x000000008b500000, 0x000000008b500000|100%| O|  |TAMS 0x000000008b500000, 0x000000008b400000| Complete 
| 181|0x000000008b500000, 0x000000008b600000, 0x000000008b600000|100%| O|  |TAMS 0x000000008b600000, 0x000000008b500000| Complete 
| 182|0x000000008b600000, 0x000000008b700000, 0x000000008b700000|100%| O|  |TAMS 0x000000008b600000, 0x000000008b600000| Untracked 
| 183|0x000000008b700000, 0x000000008b800000, 0x000000008b800000|100%| O|  |TAMS 0x000000008b700000, 0x000000008b700000| Untracked 
| 184|0x000000008b800000, 0x000000008b900000, 0x000000008b900000|100%| O|  |TAMS 0x000000008b800000, 0x000000008b800000| Untracked 
| 185|0x000000008b900000, 0x000000008ba00000, 0x000000008ba00000|100%| O|  |TAMS 0x000000008b900000, 0x000000008b900000| Untracked 
| 186|0x000000008ba00000, 0x000000008bb00000, 0x000000008bb00000|100%| O|  |TAMS 0x000000008ba00000, 0x000000008ba00000| Untracked 
| 187|0x000000008bb00000, 0x000000008bc00000, 0x000000008bc00000|100%| O|  |TAMS 0x000000008bb00000, 0x000000008bb00000| Untracked 
| 188|0x000000008bc00000, 0x000000008bd00000, 0x000000008bd00000|100%| O|  |TAMS 0x000000008bc00000, 0x000000008bc00000| Untracked 
| 189|0x000000008bd00000, 0x000000008be00000, 0x000000008be00000|100%| O|  |TAMS 0x000000008be00000, 0x000000008bd00000| Complete 
| 190|0x000000008be00000, 0x000000008bf00000, 0x000000008bf00000|100%| O|  |TAMS 0x000000008be00000, 0x000000008be00000| Untracked 
| 191|0x000000008bf00000, 0x000000008c000000, 0x000000008c000000|100%| O|  |TAMS 0x000000008bf00000, 0x000000008bf00000| Untracked 
| 192|0x000000008c000000, 0x000000008c100000, 0x000000008c100000|100%| O|  |TAMS 0x000000008c000000, 0x000000008c000000| Untracked 
| 193|0x000000008c100000, 0x000000008c200000, 0x000000008c200000|100%| O|  |TAMS 0x000000008c100000, 0x000000008c100000| Untracked 
| 194|0x000000008c200000, 0x000000008c300000, 0x000000008c300000|100%| O|  |TAMS 0x000000008c200000, 0x000000008c200000| Untracked 
| 195|0x000000008c300000, 0x000000008c400000, 0x000000008c400000|100%| O|  |TAMS 0x000000008c400000, 0x000000008c300000| Complete 
| 196|0x000000008c400000, 0x000000008c500000, 0x000000008c500000|100%| O|  |TAMS 0x000000008c500000, 0x000000008c400000| Complete 
| 197|0x000000008c500000, 0x000000008c600000, 0x000000008c600000|100%| O|  |TAMS 0x000000008c600000, 0x000000008c500000| Complete 
| 198|0x000000008c600000, 0x000000008c700000, 0x000000008c700000|100%| O|  |TAMS 0x000000008c700000, 0x000000008c600000| Complete 
| 199|0x000000008c700000, 0x000000008c800000, 0x000000008c800000|100%| O|  |TAMS 0x000000008c700000, 0x000000008c700000| Untracked 
| 200|0x000000008c800000, 0x000000008c900000, 0x000000008c900000|100%| O|  |TAMS 0x000000008c800000, 0x000000008c800000| Untracked 
| 201|0x000000008c900000, 0x000000008ca00000, 0x000000008ca00000|100%| O|  |TAMS 0x000000008c900000, 0x000000008c900000| Untracked 
| 202|0x000000008ca00000, 0x000000008cb00000, 0x000000008cb00000|100%| O|  |TAMS 0x000000008cb00000, 0x000000008ca00000| Complete 
| 203|0x000000008cb00000, 0x000000008cc00000, 0x000000008cc00000|100%| O|  |TAMS 0x000000008cb00000, 0x000000008cb00000| Untracked 
| 204|0x000000008cc00000, 0x000000008cd00000, 0x000000008cd00000|100%| O|  |TAMS 0x000000008cc00000, 0x000000008cc00000| Untracked 
| 205|0x000000008cd00000, 0x000000008ce00000, 0x000000008ce00000|100%| O|  |TAMS 0x000000008cd00000, 0x000000008cd00000| Untracked 
| 206|0x000000008ce00000, 0x000000008cf00000, 0x000000008cf00000|100%| O|  |TAMS 0x000000008ce00000, 0x000000008ce00000| Untracked 
| 207|0x000000008cf00000, 0x000000008d000000, 0x000000008d000000|100%| O|  |TAMS 0x000000008cf00000, 0x000000008cf00000| Untracked 
| 208|0x000000008d000000, 0x000000008d100000, 0x000000008d100000|100%| O|  |TAMS 0x000000008d000000, 0x000000008d000000| Untracked 
| 209|0x000000008d100000, 0x000000008d200000, 0x000000008d200000|100%| O|  |TAMS 0x000000008d100000, 0x000000008d100000| Untracked 
| 210|0x000000008d200000, 0x000000008d300000, 0x000000008d300000|100%| O|  |TAMS 0x000000008d200000, 0x000000008d200000| Untracked 
| 211|0x000000008d300000, 0x000000008d385400, 0x000000008d400000| 52%| O|  |TAMS 0x000000008d300000, 0x000000008d300000| Untracked 
| 212|0x000000008d400000, 0x000000008d400000, 0x000000008d500000|  0%| F|  |TAMS 0x000000008d400000, 0x000000008d400000| Untracked 
| 213|0x000000008d500000, 0x000000008d500000, 0x000000008d600000|  0%| F|  |TAMS 0x000000008d500000, 0x000000008d500000| Untracked 
| 214|0x000000008d600000, 0x000000008d600000, 0x000000008d700000|  0%| F|  |TAMS 0x000000008d600000, 0x000000008d600000| Untracked 
| 215|0x000000008d700000, 0x000000008d700000, 0x000000008d800000|  0%| F|  |TAMS 0x000000008d700000, 0x000000008d700000| Untracked 
| 216|0x000000008d800000, 0x000000008d800000, 0x000000008d900000|  0%| F|  |TAMS 0x000000008d800000, 0x000000008d800000| Untracked 
| 217|0x000000008d900000, 0x000000008d900000, 0x000000008da00000|  0%| F|  |TAMS 0x000000008d900000, 0x000000008d900000| Untracked 
| 218|0x000000008da00000, 0x000000008da00000, 0x000000008db00000|  0%| F|  |TAMS 0x000000008da00000, 0x000000008da00000| Untracked 
| 219|0x000000008db00000, 0x000000008db00000, 0x000000008dc00000|  0%| F|  |TAMS 0x000000008db00000, 0x000000008db00000| Untracked 
| 220|0x000000008dc00000, 0x000000008dc00000, 0x000000008dd00000|  0%| F|  |TAMS 0x000000008dc00000, 0x000000008dc00000| Untracked 
| 221|0x000000008dd00000, 0x000000008dd00000, 0x000000008de00000|  0%| F|  |TAMS 0x000000008dd00000, 0x000000008dd00000| Untracked 
| 222|0x000000008de00000, 0x000000008de00000, 0x000000008df00000|  0%| F|  |TAMS 0x000000008de00000, 0x000000008de00000| Untracked 
| 223|0x000000008df00000, 0x000000008df00000, 0x000000008e000000|  0%| F|  |TAMS 0x000000008df00000, 0x000000008df00000| Untracked 
| 224|0x000000008e000000, 0x000000008e000000, 0x000000008e100000|  0%| F|  |TAMS 0x000000008e000000, 0x000000008e000000| Untracked 
| 225|0x000000008e100000, 0x000000008e100000, 0x000000008e200000|  0%| F|  |TAMS 0x000000008e100000, 0x000000008e100000| Untracked 
| 226|0x000000008e200000, 0x000000008e200000, 0x000000008e300000|  0%| F|  |TAMS 0x000000008e200000, 0x000000008e200000| Untracked 
| 227|0x000000008e300000, 0x000000008e300000, 0x000000008e400000|  0%| F|  |TAMS 0x000000008e300000, 0x000000008e300000| Untracked 
| 228|0x000000008e400000, 0x000000008e400000, 0x000000008e500000|  0%| F|  |TAMS 0x000000008e400000, 0x000000008e400000| Untracked 
| 229|0x000000008e500000, 0x000000008e500000, 0x000000008e600000|  0%| F|  |TAMS 0x000000008e500000, 0x000000008e500000| Untracked 
| 230|0x000000008e600000, 0x000000008e600000, 0x000000008e700000|  0%| F|  |TAMS 0x000000008e600000, 0x000000008e600000| Untracked 
| 231|0x000000008e700000, 0x000000008e700000, 0x000000008e800000|  0%| F|  |TAMS 0x000000008e700000, 0x000000008e700000| Untracked 
| 232|0x000000008e800000, 0x000000008e800000, 0x000000008e900000|  0%| F|  |TAMS 0x000000008e800000, 0x000000008e800000| Untracked 
| 233|0x000000008e900000, 0x000000008e900000, 0x000000008ea00000|  0%| F|  |TAMS 0x000000008e900000, 0x000000008e900000| Untracked 
| 234|0x000000008ea00000, 0x000000008ea00000, 0x000000008eb00000|  0%| F|  |TAMS 0x000000008ea00000, 0x000000008ea00000| Untracked 
| 235|0x000000008eb00000, 0x000000008eb00000, 0x000000008ec00000|  0%| F|  |TAMS 0x000000008eb00000, 0x000000008eb00000| Untracked 
| 236|0x000000008ec00000, 0x000000008ec00000, 0x000000008ed00000|  0%| F|  |TAMS 0x000000008ec00000, 0x000000008ec00000| Untracked 
| 237|0x000000008ed00000, 0x000000008ed00000, 0x000000008ee00000|  0%| F|  |TAMS 0x000000008ed00000, 0x000000008ed00000| Untracked 
| 238|0x000000008ee00000, 0x000000008ee00000, 0x000000008ef00000|  0%| F|  |TAMS 0x000000008ee00000, 0x000000008ee00000| Untracked 
| 239|0x000000008ef00000, 0x000000008ef00000, 0x000000008f000000|  0%| F|  |TAMS 0x000000008ef00000, 0x000000008ef00000| Untracked 
| 240|0x000000008f000000, 0x000000008f000000, 0x000000008f100000|  0%| F|  |TAMS 0x000000008f000000, 0x000000008f000000| Untracked 
| 241|0x000000008f100000, 0x000000008f100000, 0x000000008f200000|  0%| F|  |TAMS 0x000000008f100000, 0x000000008f100000| Untracked 
| 242|0x000000008f200000, 0x000000008f200000, 0x000000008f300000|  0%| F|  |TAMS 0x000000008f200000, 0x000000008f200000| Untracked 
| 243|0x000000008f300000, 0x000000008f300000, 0x000000008f400000|  0%| F|  |TAMS 0x000000008f300000, 0x000000008f300000| Untracked 
| 244|0x000000008f400000, 0x000000008f400000, 0x000000008f500000|  0%| F|  |TAMS 0x000000008f400000, 0x000000008f400000| Untracked 
| 245|0x000000008f500000, 0x000000008f500000, 0x000000008f600000|  0%| F|  |TAMS 0x000000008f500000, 0x000000008f500000| Untracked 
| 246|0x000000008f600000, 0x000000008f600000, 0x000000008f700000|  0%| F|  |TAMS 0x000000008f600000, 0x000000008f600000| Untracked 
| 247|0x000000008f700000, 0x000000008f700000, 0x000000008f800000|  0%| F|  |TAMS 0x000000008f700000, 0x000000008f700000| Untracked 
| 248|0x000000008f800000, 0x000000008f800000, 0x000000008f900000|  0%| F|  |TAMS 0x000000008f800000, 0x000000008f800000| Untracked 
| 249|0x000000008f900000, 0x000000008f900000, 0x000000008fa00000|  0%| F|  |TAMS 0x000000008f900000, 0x000000008f900000| Untracked 
| 250|0x000000008fa00000, 0x000000008fa00000, 0x000000008fb00000|  0%| F|  |TAMS 0x000000008fa00000, 0x000000008fa00000| Untracked 
| 251|0x000000008fb00000, 0x000000008fb00000, 0x000000008fc00000|  0%| F|  |TAMS 0x000000008fb00000, 0x000000008fb00000| Untracked 
| 252|0x000000008fc00000, 0x000000008fc00000, 0x000000008fd00000|  0%| F|  |TAMS 0x000000008fc00000, 0x000000008fc00000| Untracked 
| 253|0x000000008fd00000, 0x000000008fd00000, 0x000000008fe00000|  0%| F|  |TAMS 0x000000008fd00000, 0x000000008fd00000| Untracked 
| 254|0x000000008fe00000, 0x000000008fe00000, 0x000000008ff00000|  0%| F|  |TAMS 0x000000008fe00000, 0x000000008fe00000| Untracked 
| 255|0x000000008ff00000, 0x000000008ff00000, 0x0000000090000000|  0%| F|  |TAMS 0x000000008ff00000, 0x000000008ff00000| Untracked 
| 256|0x0000000090000000, 0x0000000090000000, 0x0000000090100000|  0%| F|  |TAMS 0x0000000090000000, 0x0000000090000000| Untracked 
| 257|0x0000000090100000, 0x0000000090100000, 0x0000000090200000|  0%| F|  |TAMS 0x0000000090100000, 0x0000000090100000| Untracked 
| 258|0x0000000090200000, 0x0000000090200000, 0x0000000090300000|  0%| F|  |TAMS 0x0000000090200000, 0x0000000090200000| Untracked 
| 259|0x0000000090300000, 0x0000000090300000, 0x0000000090400000|  0%| F|  |TAMS 0x0000000090300000, 0x0000000090300000| Untracked 
| 260|0x0000000090400000, 0x0000000090400000, 0x0000000090500000|  0%| F|  |TAMS 0x0000000090400000, 0x0000000090400000| Untracked 
| 261|0x0000000090500000, 0x0000000090500000, 0x0000000090600000|  0%| F|  |TAMS 0x0000000090500000, 0x0000000090500000| Untracked 
| 262|0x0000000090600000, 0x0000000090600000, 0x0000000090700000|  0%| F|  |TAMS 0x0000000090600000, 0x0000000090600000| Untracked 
| 263|0x0000000090700000, 0x0000000090700000, 0x0000000090800000|  0%| F|  |TAMS 0x0000000090700000, 0x0000000090700000| Untracked 
| 264|0x0000000090800000, 0x0000000090800000, 0x0000000090900000|  0%| F|  |TAMS 0x0000000090800000, 0x0000000090800000| Untracked 
| 265|0x0000000090900000, 0x0000000090900000, 0x0000000090a00000|  0%| F|  |TAMS 0x0000000090900000, 0x0000000090900000| Untracked 
| 266|0x0000000090a00000, 0x0000000090a00000, 0x0000000090b00000|  0%| F|  |TAMS 0x0000000090a00000, 0x0000000090a00000| Untracked 
| 267|0x0000000090b00000, 0x0000000090b00000, 0x0000000090c00000|  0%| F|  |TAMS 0x0000000090b00000, 0x0000000090b00000| Untracked 
| 268|0x0000000090c00000, 0x0000000090c00000, 0x0000000090d00000|  0%| F|  |TAMS 0x0000000090c00000, 0x0000000090c00000| Untracked 
| 269|0x0000000090d00000, 0x0000000090d00000, 0x0000000090e00000|  0%| F|  |TAMS 0x0000000090d00000, 0x0000000090d00000| Untracked 
| 270|0x0000000090e00000, 0x0000000090e00000, 0x0000000090f00000|  0%| F|  |TAMS 0x0000000090e00000, 0x0000000090e00000| Untracked 
| 271|0x0000000090f00000, 0x0000000090f00000, 0x0000000091000000|  0%| F|  |TAMS 0x0000000090f00000, 0x0000000090f00000| Untracked 
| 272|0x0000000091000000, 0x0000000091000000, 0x0000000091100000|  0%| F|  |TAMS 0x0000000091000000, 0x0000000091000000| Untracked 
| 273|0x0000000091100000, 0x0000000091100000, 0x0000000091200000|  0%| F|  |TAMS 0x0000000091100000, 0x0000000091100000| Untracked 
| 274|0x0000000091200000, 0x0000000091200000, 0x0000000091300000|  0%| F|  |TAMS 0x0000000091200000, 0x0000000091200000| Untracked 
| 275|0x0000000091300000, 0x0000000091300000, 0x0000000091400000|  0%| F|  |TAMS 0x0000000091300000, 0x0000000091300000| Untracked 
| 276|0x0000000091400000, 0x0000000091400000, 0x0000000091500000|  0%| F|  |TAMS 0x0000000091400000, 0x0000000091400000| Untracked 
| 277|0x0000000091500000, 0x0000000091500000, 0x0000000091600000|  0%| F|  |TAMS 0x0000000091500000, 0x0000000091500000| Untracked 
| 278|0x0000000091600000, 0x0000000091600000, 0x0000000091700000|  0%| F|  |TAMS 0x0000000091600000, 0x0000000091600000| Untracked 
| 279|0x0000000091700000, 0x0000000091700000, 0x0000000091800000|  0%| F|  |TAMS 0x0000000091700000, 0x0000000091700000| Untracked 
| 280|0x0000000091800000, 0x0000000091800000, 0x0000000091900000|  0%| F|  |TAMS 0x0000000091800000, 0x0000000091800000| Untracked 
| 281|0x0000000091900000, 0x0000000091900000, 0x0000000091a00000|  0%| F|  |TAMS 0x0000000091900000, 0x0000000091900000| Untracked 
| 282|0x0000000091a00000, 0x0000000091a00000, 0x0000000091b00000|  0%| F|  |TAMS 0x0000000091a00000, 0x0000000091a00000| Untracked 
| 283|0x0000000091b00000, 0x0000000091b00000, 0x0000000091c00000|  0%| F|  |TAMS 0x0000000091b00000, 0x0000000091b00000| Untracked 
| 284|0x0000000091c00000, 0x0000000091c00000, 0x0000000091d00000|  0%| F|  |TAMS 0x0000000091c00000, 0x0000000091c00000| Untracked 
| 285|0x0000000091d00000, 0x0000000091d00000, 0x0000000091e00000|  0%| F|  |TAMS 0x0000000091d00000, 0x0000000091d00000| Untracked 
| 286|0x0000000091e00000, 0x0000000091e00000, 0x0000000091f00000|  0%| F|  |TAMS 0x0000000091e00000, 0x0000000091e00000| Untracked 
| 287|0x0000000091f00000, 0x0000000091f00000, 0x0000000092000000|  0%| F|  |TAMS 0x0000000091f00000, 0x0000000091f00000| Untracked 
| 288|0x0000000092000000, 0x0000000092000000, 0x0000000092100000|  0%| F|  |TAMS 0x0000000092000000, 0x0000000092000000| Untracked 
| 289|0x0000000092100000, 0x0000000092100000, 0x0000000092200000|  0%| F|  |TAMS 0x0000000092100000, 0x0000000092100000| Untracked 
| 290|0x0000000092200000, 0x0000000092200000, 0x0000000092300000|  0%| F|  |TAMS 0x0000000092200000, 0x0000000092200000| Untracked 
| 291|0x0000000092300000, 0x0000000092300000, 0x0000000092400000|  0%| F|  |TAMS 0x0000000092300000, 0x0000000092300000| Untracked 
| 292|0x0000000092400000, 0x0000000092400000, 0x0000000092500000|  0%| F|  |TAMS 0x0000000092400000, 0x0000000092400000| Untracked 
| 293|0x0000000092500000, 0x0000000092500000, 0x0000000092600000|  0%| F|  |TAMS 0x0000000092500000, 0x0000000092500000| Untracked 
| 294|0x0000000092600000, 0x0000000092600000, 0x0000000092700000|  0%| F|  |TAMS 0x0000000092600000, 0x0000000092600000| Untracked 
| 295|0x0000000092700000, 0x0000000092700000, 0x0000000092800000|  0%| F|  |TAMS 0x0000000092700000, 0x0000000092700000| Untracked 
| 296|0x0000000092800000, 0x0000000092800000, 0x0000000092900000|  0%| F|  |TAMS 0x0000000092800000, 0x0000000092800000| Untracked 
| 297|0x0000000092900000, 0x0000000092900000, 0x0000000092a00000|  0%| F|  |TAMS 0x0000000092900000, 0x0000000092900000| Untracked 
| 298|0x0000000092a00000, 0x0000000092a00000, 0x0000000092b00000|  0%| F|  |TAMS 0x0000000092a00000, 0x0000000092a00000| Untracked 
| 299|0x0000000092b00000, 0x0000000092b00000, 0x0000000092c00000|  0%| F|  |TAMS 0x0000000092b00000, 0x0000000092b00000| Untracked 
| 300|0x0000000092c00000, 0x0000000092c00000, 0x0000000092d00000|  0%| F|  |TAMS 0x0000000092c00000, 0x0000000092c00000| Untracked 
| 301|0x0000000092d00000, 0x0000000092d00000, 0x0000000092e00000|  0%| F|  |TAMS 0x0000000092d00000, 0x0000000092d00000| Untracked 
| 302|0x0000000092e00000, 0x0000000092e00000, 0x0000000092f00000|  0%| F|  |TAMS 0x0000000092e00000, 0x0000000092e00000| Untracked 
| 303|0x0000000092f00000, 0x0000000092f00000, 0x0000000093000000|  0%| F|  |TAMS 0x0000000092f00000, 0x0000000092f00000| Untracked 
| 304|0x0000000093000000, 0x0000000093000000, 0x0000000093100000|  0%| F|  |TAMS 0x0000000093000000, 0x0000000093000000| Untracked 
| 305|0x0000000093100000, 0x0000000093100000, 0x0000000093200000|  0%| F|  |TAMS 0x0000000093100000, 0x0000000093100000| Untracked 
| 306|0x0000000093200000, 0x0000000093200000, 0x0000000093300000|  0%| F|  |TAMS 0x0000000093200000, 0x0000000093200000| Untracked 
| 307|0x0000000093300000, 0x0000000093300000, 0x0000000093400000|  0%| F|  |TAMS 0x0000000093300000, 0x0000000093300000| Untracked 
| 308|0x0000000093400000, 0x0000000093400000, 0x0000000093500000|  0%| F|  |TAMS 0x0000000093400000, 0x0000000093400000| Untracked 
| 309|0x0000000093500000, 0x0000000093500000, 0x0000000093600000|  0%| F|  |TAMS 0x0000000093500000, 0x0000000093500000| Untracked 
| 310|0x0000000093600000, 0x0000000093600000, 0x0000000093700000|  0%| F|  |TAMS 0x0000000093600000, 0x0000000093600000| Untracked 
| 311|0x0000000093700000, 0x0000000093700000, 0x0000000093800000|  0%| F|  |TAMS 0x0000000093700000, 0x0000000093700000| Untracked 
| 312|0x0000000093800000, 0x0000000093800000, 0x0000000093900000|  0%| F|  |TAMS 0x0000000093800000, 0x0000000093800000| Untracked 
| 313|0x0000000093900000, 0x0000000093900000, 0x0000000093a00000|  0%| F|  |TAMS 0x0000000093900000, 0x0000000093900000| Untracked 
| 314|0x0000000093a00000, 0x0000000093a00000, 0x0000000093b00000|  0%| F|  |TAMS 0x0000000093a00000, 0x0000000093a00000| Untracked 
| 315|0x0000000093b00000, 0x0000000093b00000, 0x0000000093c00000|  0%| F|  |TAMS 0x0000000093b00000, 0x0000000093b00000| Untracked 
| 316|0x0000000093c00000, 0x0000000093c00000, 0x0000000093d00000|  0%| F|  |TAMS 0x0000000093c00000, 0x0000000093c00000| Untracked 
| 317|0x0000000093d00000, 0x0000000093d00000, 0x0000000093e00000|  0%| F|  |TAMS 0x0000000093d00000, 0x0000000093d00000| Untracked 
| 318|0x0000000093e00000, 0x0000000093e00000, 0x0000000093f00000|  0%| F|  |TAMS 0x0000000093e00000, 0x0000000093e00000| Untracked 
| 319|0x0000000093f00000, 0x0000000093f00000, 0x0000000094000000|  0%| F|  |TAMS 0x0000000093f00000, 0x0000000093f00000| Untracked 
| 320|0x0000000094000000, 0x0000000094000000, 0x0000000094100000|  0%| F|  |TAMS 0x0000000094000000, 0x0000000094000000| Untracked 
| 321|0x0000000094100000, 0x0000000094100000, 0x0000000094200000|  0%| F|  |TAMS 0x0000000094100000, 0x0000000094100000| Untracked 
| 322|0x0000000094200000, 0x0000000094200000, 0x0000000094300000|  0%| F|  |TAMS 0x0000000094200000, 0x0000000094200000| Untracked 
| 323|0x0000000094300000, 0x0000000094300000, 0x0000000094400000|  0%| F|  |TAMS 0x0000000094300000, 0x0000000094300000| Untracked 
| 324|0x0000000094400000, 0x0000000094400000, 0x0000000094500000|  0%| F|  |TAMS 0x0000000094400000, 0x0000000094400000| Untracked 
| 325|0x0000000094500000, 0x0000000094500000, 0x0000000094600000|  0%| F|  |TAMS 0x0000000094500000, 0x0000000094500000| Untracked 
| 326|0x0000000094600000, 0x0000000094600000, 0x0000000094700000|  0%| F|  |TAMS 0x0000000094600000, 0x0000000094600000| Untracked 
| 327|0x0000000094700000, 0x0000000094700000, 0x0000000094800000|  0%| F|  |TAMS 0x0000000094700000, 0x0000000094700000| Untracked 
| 328|0x0000000094800000, 0x0000000094800000, 0x0000000094900000|  0%| F|  |TAMS 0x0000000094800000, 0x0000000094800000| Untracked 
| 329|0x0000000094900000, 0x0000000094900000, 0x0000000094a00000|  0%| F|  |TAMS 0x0000000094900000, 0x0000000094900000| Untracked 
| 330|0x0000000094a00000, 0x0000000094a00000, 0x0000000094b00000|  0%| F|  |TAMS 0x0000000094a00000, 0x0000000094a00000| Untracked 
| 331|0x0000000094b00000, 0x0000000094b00000, 0x0000000094c00000|  0%| F|  |TAMS 0x0000000094b00000, 0x0000000094b00000| Untracked 
| 332|0x0000000094c00000, 0x0000000094c00000, 0x0000000094d00000|  0%| F|  |TAMS 0x0000000094c00000, 0x0000000094c00000| Untracked 
| 333|0x0000000094d00000, 0x0000000094d00000, 0x0000000094e00000|  0%| F|  |TAMS 0x0000000094d00000, 0x0000000094d00000| Untracked 
| 334|0x0000000094e00000, 0x0000000094e00000, 0x0000000094f00000|  0%| F|  |TAMS 0x0000000094e00000, 0x0000000094e00000| Untracked 
| 335|0x0000000094f00000, 0x0000000094f00000, 0x0000000095000000|  0%| F|  |TAMS 0x0000000094f00000, 0x0000000094f00000| Untracked 
| 336|0x0000000095000000, 0x0000000095000000, 0x0000000095100000|  0%| F|  |TAMS 0x0000000095000000, 0x0000000095000000| Untracked 
| 337|0x0000000095100000, 0x0000000095100000, 0x0000000095200000|  0%| F|  |TAMS 0x0000000095100000, 0x0000000095100000| Untracked 
| 338|0x0000000095200000, 0x0000000095200000, 0x0000000095300000|  0%| F|  |TAMS 0x0000000095200000, 0x0000000095200000| Untracked 
| 339|0x0000000095300000, 0x0000000095300000, 0x0000000095400000|  0%| F|  |TAMS 0x0000000095300000, 0x0000000095300000| Untracked 
| 340|0x0000000095400000, 0x0000000095400000, 0x0000000095500000|  0%| F|  |TAMS 0x0000000095400000, 0x0000000095400000| Untracked 
| 341|0x0000000095500000, 0x0000000095500000, 0x0000000095600000|  0%| F|  |TAMS 0x0000000095500000, 0x0000000095500000| Untracked 
| 342|0x0000000095600000, 0x0000000095600000, 0x0000000095700000|  0%| F|  |TAMS 0x0000000095600000, 0x0000000095600000| Untracked 
| 343|0x0000000095700000, 0x0000000095700000, 0x0000000095800000|  0%| F|  |TAMS 0x0000000095700000, 0x0000000095700000| Untracked 
| 344|0x0000000095800000, 0x0000000095800000, 0x0000000095900000|  0%| F|  |TAMS 0x0000000095800000, 0x0000000095800000| Untracked 
| 345|0x0000000095900000, 0x0000000095900000, 0x0000000095a00000|  0%| F|  |TAMS 0x0000000095900000, 0x0000000095900000| Untracked 
| 346|0x0000000095a00000, 0x0000000095a00000, 0x0000000095b00000|  0%| F|  |TAMS 0x0000000095a00000, 0x0000000095a00000| Untracked 
| 347|0x0000000095b00000, 0x0000000095b00000, 0x0000000095c00000|  0%| F|  |TAMS 0x0000000095b00000, 0x0000000095b00000| Untracked 
| 348|0x0000000095c00000, 0x0000000095c00000, 0x0000000095d00000|  0%| F|  |TAMS 0x0000000095c00000, 0x0000000095c00000| Untracked 
| 349|0x0000000095d00000, 0x0000000095d00000, 0x0000000095e00000|  0%| F|  |TAMS 0x0000000095d00000, 0x0000000095d00000| Untracked 
| 350|0x0000000095e00000, 0x0000000095e00000, 0x0000000095f00000|  0%| F|  |TAMS 0x0000000095e00000, 0x0000000095e00000| Untracked 
| 351|0x0000000095f00000, 0x0000000095f00000, 0x0000000096000000|  0%| F|  |TAMS 0x0000000095f00000, 0x0000000095f00000| Untracked 
| 352|0x0000000096000000, 0x0000000096000000, 0x0000000096100000|  0%| F|  |TAMS 0x0000000096000000, 0x0000000096000000| Untracked 
| 353|0x0000000096100000, 0x0000000096100000, 0x0000000096200000|  0%| F|  |TAMS 0x0000000096100000, 0x0000000096100000| Untracked 
| 354|0x0000000096200000, 0x0000000096200000, 0x0000000096300000|  0%| F|  |TAMS 0x0000000096200000, 0x0000000096200000| Untracked 
| 355|0x0000000096300000, 0x0000000096300000, 0x0000000096400000|  0%| F|  |TAMS 0x0000000096300000, 0x0000000096300000| Untracked 
| 356|0x0000000096400000, 0x0000000096400000, 0x0000000096500000|  0%| F|  |TAMS 0x0000000096400000, 0x0000000096400000| Untracked 
| 357|0x0000000096500000, 0x0000000096500000, 0x0000000096600000|  0%| F|  |TAMS 0x0000000096500000, 0x0000000096500000| Untracked 
| 358|0x0000000096600000, 0x0000000096600000, 0x0000000096700000|  0%| F|  |TAMS 0x0000000096600000, 0x0000000096600000| Untracked 
| 359|0x0000000096700000, 0x0000000096700000, 0x0000000096800000|  0%| F|  |TAMS 0x0000000096700000, 0x0000000096700000| Untracked 
| 360|0x0000000096800000, 0x0000000096800000, 0x0000000096900000|  0%| F|  |TAMS 0x0000000096800000, 0x0000000096800000| Untracked 
| 361|0x0000000096900000, 0x0000000096900000, 0x0000000096a00000|  0%| F|  |TAMS 0x0000000096900000, 0x0000000096900000| Untracked 
| 362|0x0000000096a00000, 0x0000000096a00000, 0x0000000096b00000|  0%| F|  |TAMS 0x0000000096a00000, 0x0000000096a00000| Untracked 
| 363|0x0000000096b00000, 0x0000000096b00000, 0x0000000096c00000|  0%| F|  |TAMS 0x0000000096b00000, 0x0000000096b00000| Untracked 
| 364|0x0000000096c00000, 0x0000000096c00000, 0x0000000096d00000|  0%| F|  |TAMS 0x0000000096c00000, 0x0000000096c00000| Untracked 
| 365|0x0000000096d00000, 0x0000000096d00000, 0x0000000096e00000|  0%| F|  |TAMS 0x0000000096d00000, 0x0000000096d00000| Untracked 
| 366|0x0000000096e00000, 0x0000000096e00000, 0x0000000096f00000|  0%| F|  |TAMS 0x0000000096e00000, 0x0000000096e00000| Untracked 
| 367|0x0000000096f00000, 0x0000000096f00000, 0x0000000097000000|  0%| F|  |TAMS 0x0000000096f00000, 0x0000000096f00000| Untracked 
| 368|0x0000000097000000, 0x0000000097000000, 0x0000000097100000|  0%| F|  |TAMS 0x0000000097000000, 0x0000000097000000| Untracked 
| 369|0x0000000097100000, 0x00000000971c72e0, 0x0000000097200000| 77%| S|CS|TAMS 0x0000000097100000, 0x0000000097100000| Complete 
| 370|0x0000000097200000, 0x0000000097300000, 0x0000000097300000|100%| S|CS|TAMS 0x0000000097200000, 0x0000000097200000| Complete 
| 371|0x0000000097300000, 0x0000000097400000, 0x0000000097400000|100%| S|CS|TAMS 0x0000000097300000, 0x0000000097300000| Complete 
| 372|0x0000000097400000, 0x0000000097400000, 0x0000000097500000|  0%| F|  |TAMS 0x0000000097400000, 0x0000000097400000| Untracked 
| 373|0x0000000097500000, 0x0000000097500000, 0x0000000097600000|  0%| F|  |TAMS 0x0000000097500000, 0x0000000097500000| Untracked 
| 374|0x0000000097600000, 0x0000000097600000, 0x0000000097700000|  0%| F|  |TAMS 0x0000000097600000, 0x0000000097600000| Untracked 
| 375|0x0000000097700000, 0x0000000097700000, 0x0000000097800000|  0%| F|  |TAMS 0x0000000097700000, 0x0000000097700000| Untracked 
| 376|0x0000000097800000, 0x0000000097800000, 0x0000000097900000|  0%| F|  |TAMS 0x0000000097800000, 0x0000000097800000| Untracked 
| 377|0x0000000097900000, 0x0000000097900000, 0x0000000097a00000|  0%| F|  |TAMS 0x0000000097900000, 0x0000000097900000| Untracked 
| 378|0x0000000097a00000, 0x0000000097a00000, 0x0000000097b00000|  0%| F|  |TAMS 0x0000000097a00000, 0x0000000097a00000| Untracked 
| 379|0x0000000097b00000, 0x0000000097b00000, 0x0000000097c00000|  0%| F|  |TAMS 0x0000000097b00000, 0x0000000097b00000| Untracked 

Card table byte_map: [0x000001ccfa4a0000,0x000001ccfa8a0000] _byte_map_base: 0x000001ccfa0a0000

Marking Bits (Prev, Next): (CMBitMap*) 0x000001ccf62c3b28, (CMBitMap*) 0x000001ccf62c3b60
 Prev Bits: [0x000001ccfaca0000, 0x000001ccfcca0000)
 Next Bits: [0x000001ccfcca0000, 0x000001ccfeca0000)

Polling page: 0x000001ccf5a60000

Metaspace:

Usage:
  Non-class:    133.02 MB capacity,   130.21 MB ( 98%) used,     2.30 MB (  2%) free+waste,   523.69 KB ( <1%) overhead. 
      Class:     19.94 MB capacity,    18.32 MB ( 92%) used,     1.39 MB (  7%) free+waste,   228.81 KB (  1%) overhead. 
       Both:    152.96 MB capacity,   148.54 MB ( 97%) used,     3.69 MB (  2%) free+waste,   752.50 KB ( <1%) overhead. 

Virtual space:
  Non-class space:      134.00 MB reserved,     133.25 MB (>99%) committed 
      Class space:        1.00 GB reserved,      20.13 MB (  2%) committed 
             Both:        1.13 GB reserved,     153.38 MB ( 13%) committed 

Chunk freelists:
   Non-Class:  231.00 KB
       Class:  122.00 KB
        Both:  353.00 KB

MaxMetaspaceSize: 17179869184.00 GB
CompressedClassSpaceSize: 1.00 GB

CodeHeap 'non-profiled nmethods': size=120000Kb used=23997Kb max_used=23997Kb free=96002Kb
 bounds [0x000001cc87ad0000, 0x000001cc89250000, 0x000001cc8f000000]
CodeHeap 'profiled nmethods': size=120000Kb used=58063Kb max_used=58063Kb free=61936Kb
 bounds [0x000001cc805a0000, 0x000001cc83e90000, 0x000001cc87ad0000]
CodeHeap 'non-nmethods': size=5760Kb used=2421Kb max_used=2539Kb free=3338Kb
 bounds [0x000001cc80000000, 0x000001cc80290000, 0x000001cc805a0000]
 total_blobs=27619 nmethods=26575 adapters=953
 compilation: enabled
              stopped_count=0, restarted_count=0
 full_count=0

Compilation events (20 events):
Event: 13155.424 Thread 0x000001ccff707000 31416       3       com.android.tools.r8.graph.J$$Lambda$1604/0x0000000100dc0440::a (5 bytes)
Event: 13155.425 Thread 0x000001ccff707000 nmethod 31416 0x000001cc83e83e90 code [0x000001cc83e84260, 0x000001cc83e85d68]
Event: 13155.425 Thread 0x000001ccff707000 31417       3       com.android.tools.r8.graph.f0$c::hashCode (11 bytes)
Event: 13155.425 Thread 0x000001ccff707000 nmethod 31417 0x000001cc83e86510 code [0x000001cc83e866e0, 0x000001cc83e868f8]
Event: 13155.428 Thread 0x000001ccff707000 31419       3       com.android.tools.r8.dex.o::a (32 bytes)
Event: 13155.433 Thread 0x000001ccff704000 nmethod 31414 0x000001cc89242d10 code [0x000001cc89242ec0, 0x000001cc892435d8]
Event: 13155.433 Thread 0x000001ccff704000 31421 %     4       com.android.tools.r8.internal.Vt::g @ 74 (323 bytes)
Event: 13155.450 Thread 0x000001ccff707000 nmethod 31419 0x000001cc83e86a10 code [0x000001cc83e86c00, 0x000001cc83e870b8]
Event: 13155.450 Thread 0x000001ccff707000 31422       3       com.android.tools.r8.dex.o::a (10 bytes)
Event: 13155.450 Thread 0x000001ccff707000 nmethod 31422 0x000001cc83e87290 code [0x000001cc83e87460, 0x000001cc83e87798]
Event: 13155.451 Thread 0x000001ccff704000 nmethod 31421% 0x000001cc89243b10 code [0x000001cc89243d40, 0x000001cc89244af8]
Event: 13155.451 Thread 0x000001ccff704000 31420       4       com.android.tools.r8.graph.J$$Lambda$1606/0x0000000100dc0c40::applyAsInt (8 bytes)
Event: 13155.453 Thread 0x000001ccff704000 nmethod 31420 0x000001cc89245290 code [0x000001cc89245420, 0x000001cc892454b8]
Event: 13155.453 Thread 0x000001ccff704000 31424       4       com.android.tools.r8.internal.Qb::a (59 bytes)
Event: 13155.460 Thread 0x000001ccff704000 nmethod 31424 0x000001cc89245590 code [0x000001cc89245760, 0x000001cc892459f8]
Event: 13155.460 Thread 0x000001ccff704000 31423       4       com.android.tools.r8.graph.J::j (6 bytes)
Event: 13155.460 Thread 0x000001ccff704000 nmethod 31423 0x000001cc89245c90 code [0x000001cc89245e20, 0x000001cc89245e98]
Event: 13155.460 Thread 0x000001ccff704000 31418       4       com.android.tools.r8.graph.r::equals (52 bytes)
Event: 13155.466 Thread 0x000001ccff704000 nmethod 31418 0x000001cc89245f10 code [0x000001cc892460c0, 0x000001cc89246658]
Event: 13155.474 Thread 0x000001ccff704000 31425       4       com.android.tools.r8.graph.J$$Lambda$1604/0x0000000100dc0440::a (5 bytes)

GC Heap History (20 events):
Event: 13134.560 GC heap after
{Heap after GC invocations=148 (full 0):
 garbage-first heap   total 389120K, used 176317K [0x0000000080000000, 0x0000000100000000)
  region size 1024K, 3 young (3072K), 3 survivors (3072K)
 Metaspace       used 151640K, capacity 156312K, committed 156800K, reserved 1185792K
  class space    used 18763K, capacity 20437K, committed 20608K, reserved 1048576K
}
Event: 13139.297 GC heap before
{Heap before GC invocations=149 (full 0):
 garbage-first heap   total 389120K, used 245949K [0x0000000080000000, 0x0000000100000000)
  region size 1024K, 65 young (66560K), 3 survivors (3072K)
 Metaspace       used 151663K, capacity 156244K, committed 156800K, reserved 1185792K
  class space    used 18749K, capacity 20393K, committed 20608K, reserved 1048576K
}
Event: 13139.333 GC heap after
{Heap after GC invocations=150 (full 0):
 garbage-first heap   total 389120K, used 176757K [0x0000000080000000, 0x0000000100000000)
  region size 1024K, 5 young (5120K), 5 survivors (5120K)
 Metaspace       used 151663K, capacity 156244K, committed 156800K, reserved 1185792K
  class space    used 18749K, capacity 20393K, committed 20608K, reserved 1048576K
}
Event: 13139.717 GC heap before
{Heap before GC invocations=150 (full 0):
 garbage-first heap   total 389120K, used 191093K [0x0000000080000000, 0x0000000100000000)
  region size 1024K, 19 young (19456K), 5 survivors (5120K)
 Metaspace       used 151663K, capacity 156244K, committed 156800K, reserved 1185792K
  class space    used 18749K, capacity 20393K, committed 20608K, reserved 1048576K
}
Event: 13139.891 GC heap after
{Heap after GC invocations=151 (full 0):
 garbage-first heap   total 389120K, used 168369K [0x0000000080000000, 0x0000000100000000)
  region size 1024K, 1 young (1024K), 1 survivors (1024K)
 Metaspace       used 151663K, capacity 156244K, committed 156800K, reserved 1185792K
  class space    used 18749K, capacity 20393K, committed 20608K, reserved 1048576K
}
Event: 13140.503 GC heap before
{Heap before GC invocations=151 (full 0):
 garbage-first heap   total 389120K, used 201137K [0x0000000080000000, 0x0000000100000000)
  region size 1024K, 19 young (19456K), 1 survivors (1024K)
 Metaspace       used 151704K, capacity 156244K, committed 156800K, reserved 1185792K
  class space    used 18749K, capacity 20393K, committed 20608K, reserved 1048576K
}
Event: 13140.512 GC heap after
{Heap after GC invocations=152 (full 0):
 garbage-first heap   total 389120K, used 168574K [0x0000000080000000, 0x0000000100000000)
  region size 1024K, 1 young (1024K), 1 survivors (1024K)
 Metaspace       used 151704K, capacity 156244K, committed 156800K, reserved 1185792K
  class space    used 18749K, capacity 20393K, committed 20608K, reserved 1048576K
}
Event: 13140.728 GC heap before
{Heap before GC invocations=152 (full 0):
 garbage-first heap   total 389120K, used 249470K [0x0000000080000000, 0x0000000100000000)
  region size 1024K, 81 young (82944K), 1 survivors (1024K)
 Metaspace       used 151781K, capacity 156329K, committed 157056K, reserved 1185792K
  class space    used 18750K, capacity 20396K, committed 20608K, reserved 1048576K
}
Event: 13140.755 GC heap after
{Heap after GC invocations=153 (full 0):
 garbage-first heap   total 389120K, used 173776K [0x0000000080000000, 0x0000000100000000)
  region size 1024K, 6 young (6144K), 6 survivors (6144K)
 Metaspace       used 151781K, capacity 156329K, committed 157056K, reserved 1185792K
  class space    used 18750K, capacity 20396K, committed 20608K, reserved 1048576K
}
Event: 13143.657 GC heap before
{Heap before GC invocations=154 (full 0):
 garbage-first heap   total 389120K, used 274128K [0x0000000080000000, 0x0000000100000000)
  region size 1024K, 93 young (95232K), 6 survivors (6144K)
 Metaspace       used 152016K, capacity 156603K, committed 157056K, reserved 1185792K
  class space    used 18760K, capacity 20415K, committed 20608K, reserved 1048576K
}
Event: 13143.738 GC heap after
{Heap after GC invocations=155 (full 0):
 garbage-first heap   total 389120K, used 186376K [0x0000000080000000, 0x0000000100000000)
  region size 1024K, 11 young (11264K), 11 survivors (11264K)
 Metaspace       used 152016K, capacity 156603K, committed 157056K, reserved 1185792K
  class space    used 18760K, capacity 20415K, committed 20608K, reserved 1048576K
}
Event: 13143.846 GC heap before
{Heap before GC invocations=155 (full 0):
 garbage-first heap   total 389120K, used 193544K [0x0000000080000000, 0x0000000100000000)
  region size 1024K, 19 young (19456K), 11 survivors (11264K)
 Metaspace       used 152020K, capacity 156607K, committed 157056K, reserved 1185792K
  class space    used 18761K, capacity 20416K, committed 20608K, reserved 1048576K
}
Event: 13143.944 GC heap after
{Heap after GC invocations=156 (full 0):
 garbage-first heap   total 389120K, used 166778K [0x0000000080000000, 0x0000000100000000)
  region size 1024K, 3 young (3072K), 3 survivors (3072K)
 Metaspace       used 152020K, capacity 156607K, committed 157056K, reserved 1185792K
  class space    used 18761K, capacity 20416K, committed 20608K, reserved 1048576K
}
Event: 13145.087 GC heap before
{Heap before GC invocations=156 (full 0):
 garbage-first heap   total 389120K, used 244602K [0x0000000080000000, 0x0000000100000000)
  region size 1024K, 80 young (81920K), 3 survivors (3072K)
 Metaspace       used 152042K, capacity 156607K, committed 157056K, reserved 1185792K
  class space    used 18763K, capacity 20416K, committed 20608K, reserved 1048576K
}
Event: 13145.225 GC heap after
{Heap after GC invocations=157 (full 0):
 garbage-first heap   total 389120K, used 196230K [0x0000000080000000, 0x0000000100000000)
  region size 1024K, 16 young (16384K), 16 survivors (16384K)
 Metaspace       used 152042K, capacity 156607K, committed 157056K, reserved 1185792K
  class space    used 18763K, capacity 20416K, committed 20608K, reserved 1048576K
}
Event: 13145.368 GC heap before
{Heap before GC invocations=157 (full 0):
 garbage-first heap   total 389120K, used 204422K [0x0000000080000000, 0x0000000100000000)
  region size 1024K, 23 young (23552K), 16 survivors (16384K)
 Metaspace       used 152042K, capacity 156607K, committed 157056K, reserved 1185792K
  class space    used 18763K, capacity 20416K, committed 20608K, reserved 1048576K
}
Event: 13145.436 GC heap after
{Heap after GC invocations=158 (full 0):
 garbage-first heap   total 389120K, used 204098K [0x0000000080000000, 0x0000000100000000)
  region size 1024K, 3 young (3072K), 3 survivors (3072K)
 Metaspace       used 152042K, capacity 156607K, committed 157056K, reserved 1185792K
  class space    used 18763K, capacity 20416K, committed 20608K, reserved 1048576K
}
Event: 13154.037 GC heap before
{Heap before GC invocations=159 (full 0):
 garbage-first heap   total 389120K, used 286018K [0x0000000080000000, 0x0000000100000000)
  region size 1024K, 86 young (88064K), 3 survivors (3072K)
 Metaspace       used 152103K, capacity 156636K, committed 157056K, reserved 1185792K
  class space    used 18764K, capacity 20419K, committed 20608K, reserved 1048576K
}
Event: 13154.870 GC heap after
{Heap after GC invocations=160 (full 0):
 garbage-first heap   total 389120K, used 211605K [0x0000000080000000, 0x0000000100000000)
  region size 1024K, 11 young (11264K), 11 survivors (11264K)
 Metaspace       used 152103K, capacity 156636K, committed 157056K, reserved 1185792K
  class space    used 18764K, capacity 20419K, committed 20608K, reserved 1048576K
}
Event: 13155.501 GC heap before
{Heap before GC invocations=160 (full 0):
 garbage-first heap   total 389120K, used 219797K [0x0000000080000000, 0x0000000100000000)
  region size 1024K, 19 young (19456K), 11 survivors (11264K)
 Metaspace       used 152104K, capacity 156636K, committed 157056K, reserved 1185792K
  class space    used 18764K, capacity 20419K, committed 20608K, reserved 1048576K
}

Deoptimization events (20 events):
Event: 13155.062 Thread 0x000001cc9c9c3800 DEOPT PACKING pc=0x000001cc83e7dbc8 sp=0x0000008bfeffe720
Event: 13155.062 Thread 0x000001cc9c9c3800 DEOPT UNPACKING pc=0x000001cc80028ede sp=0x0000008bfeffdc08 mode 0
Event: 13155.065 Thread 0x000001cc9c9c3800 DEOPT PACKING pc=0x000001cc83e7dbc8 sp=0x0000008bfeffe720
Event: 13155.065 Thread 0x000001cc9c9c3800 DEOPT UNPACKING pc=0x000001cc80028ede sp=0x0000008bfeffdc08 mode 0
Event: 13155.067 Thread 0x000001cc9c9c3800 DEOPT PACKING pc=0x000001cc83e7dbc8 sp=0x0000008bfeffe720
Event: 13155.067 Thread 0x000001cc9c9c3800 DEOPT UNPACKING pc=0x000001cc80028ede sp=0x0000008bfeffdc08 mode 0
Event: 13155.068 Thread 0x000001cc9c9c3800 DEOPT PACKING pc=0x000001cc83e7dbc8 sp=0x0000008bfeffe720
Event: 13155.068 Thread 0x000001cc9c9c3800 DEOPT UNPACKING pc=0x000001cc80028ede sp=0x0000008bfeffdc08 mode 0
Event: 13155.071 Thread 0x000001cc9c9c3800 DEOPT PACKING pc=0x000001cc83e7dbc8 sp=0x0000008bfeffe720
Event: 13155.071 Thread 0x000001cc9c9c3800 DEOPT UNPACKING pc=0x000001cc80028ede sp=0x0000008bfeffdc08 mode 0
Event: 13155.072 Thread 0x000001cc9c9c3800 DEOPT PACKING pc=0x000001cc83e7dbc8 sp=0x0000008bfeffe720
Event: 13155.072 Thread 0x000001cc9c9c3800 DEOPT UNPACKING pc=0x000001cc80028ede sp=0x0000008bfeffdc08 mode 0
Event: 13155.073 Thread 0x000001cc9c9c3800 DEOPT PACKING pc=0x000001cc83e7dbc8 sp=0x0000008bfeffe720
Event: 13155.073 Thread 0x000001cc9c9c3800 DEOPT UNPACKING pc=0x000001cc80028ede sp=0x0000008bfeffdc08 mode 0
Event: 13155.074 Thread 0x000001cc9c9c3800 DEOPT PACKING pc=0x000001cc83e7dbc8 sp=0x0000008bfeffe720
Event: 13155.074 Thread 0x000001cc9c9c3800 DEOPT UNPACKING pc=0x000001cc80028ede sp=0x0000008bfeffdc08 mode 0
Event: 13155.084 Thread 0x000001cc9c9c3800 DEOPT PACKING pc=0x000001cc833cbf59 sp=0x0000008bfeffe990
Event: 13155.084 Thread 0x000001cc9c9c3800 DEOPT UNPACKING pc=0x000001cc80028ede sp=0x0000008bfeffdeb8 mode 0
Event: 13155.484 Thread 0x000001cc9c9c3800 DEOPT PACKING pc=0x000001cc833e135b sp=0x0000008bfeffe580
Event: 13155.484 Thread 0x000001cc9c9c3800 DEOPT UNPACKING pc=0x000001cc80028ede sp=0x0000008bfeffdae8 mode 0

Classes redefined (0 events):
No events

Internal exceptions (20 events):
Event: 13118.393 Thread 0x000001cc9dd5b000 Exception <a 'sun/nio/fs/WindowsException'{0x000000008dd58120}> (0x000000008dd58120) thrown at [./src/hotspot/share/prims/jni.cpp, line 615]
Event: 13118.394 Thread 0x000001cc9dd5b000 Exception <a 'sun/nio/fs/WindowsException'{0x000000008dd59240}> (0x000000008dd59240) thrown at [./src/hotspot/share/prims/jni.cpp, line 615]
Event: 13134.160 Thread 0x000001cc9dd61800 Exception <a 'java/lang/NoSuchMethodError'{0x00000000975002b8}: <clinit>> (0x00000000975002b8) thrown at [./src/hotspot/share/prims/jni.cpp, line 1362]
Event: 13134.180 Thread 0x000001cc9dd61800 Exception <a 'java/lang/NoSuchMethodError'{0x0000000097510768}: <clinit>> (0x0000000097510768) thrown at [./src/hotspot/share/prims/jni.cpp, line 1362]
Event: 13134.232 Thread 0x000001cc9dd61800 Exception <a 'java/lang/NoSuchMethodError'{0x000000009755a608}: <clinit>> (0x000000009755a608) thrown at [./src/hotspot/share/prims/jni.cpp, line 1362]
Event: 13134.232 Thread 0x000001cc9dd61800 Exception <a 'java/lang/NoSuchMethodError'{0x000000009755d1d0}: <clinit>> (0x000000009755d1d0) thrown at [./src/hotspot/share/prims/jni.cpp, line 1362]
Event: 13134.237 Thread 0x000001cc9dd61800 Exception <a 'java/lang/NoSuchMethodError'{0x0000000097561bb0}: <clinit>> (0x0000000097561bb0) thrown at [./src/hotspot/share/prims/jni.cpp, line 1362]
Event: 13134.241 Thread 0x000001cc9dd61800 Exception <a 'java/lang/NoSuchMethodError'{0x000000009756d2d0}: <clinit>> (0x000000009756d2d0) thrown at [./src/hotspot/share/prims/jni.cpp, line 1362]
Event: 13134.347 Thread 0x000001cc9dd61800 Exception <a 'java/lang/NoSuchMethodError'{0x00000000975c47c0}: <clinit>> (0x00000000975c47c0) thrown at [./src/hotspot/share/prims/jni.cpp, line 1362]
Event: 13134.362 Thread 0x000001cc9dd61800 Exception <a 'java/lang/NoSuchMethodError'{0x00000000975f63e0}: <clinit>> (0x00000000975f63e0) thrown at [./src/hotspot/share/prims/jni.cpp, line 1362]
Event: 13134.362 Thread 0x000001cc9dd61800 Exception <a 'java/lang/NoSuchMethodError'{0x00000000975f9848}: <clinit>> (0x00000000975f9848) thrown at [./src/hotspot/share/prims/jni.cpp, line 1362]
Event: 13134.362 Thread 0x000001cc9dd61800 Exception <a 'java/lang/NoSuchMethodError'{0x00000000975fc4b8}: <clinit>> (0x00000000975fc4b8) thrown at [./src/hotspot/share/prims/jni.cpp, line 1362]
Event: 13134.366 Thread 0x000001cc9dd61800 Exception <a 'java/lang/NoSuchMethodError'{0x0000000097414e20}: <clinit>> (0x0000000097414e20) thrown at [./src/hotspot/share/prims/jni.cpp, line 1362]
Event: 13134.369 Thread 0x000001cc9dd61800 Exception <a 'java/lang/NoSuchMethodError'{0x000000009742c140}: <clinit>> (0x000000009742c140) thrown at [./src/hotspot/share/prims/jni.cpp, line 1362]
Event: 13134.376 Thread 0x000001cc9dd61800 Exception <a 'java/lang/NoSuchMethodError'{0x0000000097440b90}: <clinit>> (0x0000000097440b90) thrown at [./src/hotspot/share/prims/jni.cpp, line 1362]
Event: 13134.389 Thread 0x000001cc9dd61800 Exception <a 'java/lang/NoSuchMethodError'{0x000000009745e578}: <clinit>> (0x000000009745e578) thrown at [./src/hotspot/share/prims/jni.cpp, line 1362]
Event: 13134.400 Thread 0x000001cc9dd61800 Exception <a 'java/lang/NoSuchMethodError'{0x0000000097483a68}: <clinit>> (0x0000000097483a68) thrown at [./src/hotspot/share/prims/jni.cpp, line 1362]
Event: 13134.409 Thread 0x000001cc9dd61800 Exception <a 'java/lang/NoSuchMethodError'{0x00000000974985c8}: <clinit>> (0x00000000974985c8) thrown at [./src/hotspot/share/prims/jni.cpp, line 1362]
Event: 13138.387 Thread 0x000001cc9dd61800 Implicit null exception at 0x000001cc88711c21 to 0x000001cc88711e38
Event: 13143.121 Thread 0x000001cc95903000 Exception <a 'sun/nio/fs/WindowsException'{0x0000000092c37008}> (0x0000000092c37008) thrown at [./src/hotspot/share/prims/jni.cpp, line 615]

Events (20 events):
Event: 13146.612 Executing coalesced safepoint VM operation: RevokeBias
Event: 13146.612 Executing coalesced safepoint VM operation: RevokeBias done
Event: 13146.612 Executing coalesced safepoint VM operation: RevokeBias
Event: 13146.612 Executing coalesced safepoint VM operation: RevokeBias done
Event: 13146.612 Executing coalesced safepoint VM operation: BulkRevokeBias
Event: 13146.614 Executing coalesced safepoint VM operation: BulkRevokeBias done
Event: 13146.614 Executing VM operation: RevokeBias done
Event: 13146.709 Executing VM operation: CGC_Operation
Event: 13148.083 Executing VM operation: CGC_Operation done
Event: 13148.483 Executing VM operation: RevokeBias
Event: 13148.488 Executing VM operation: RevokeBias done
Event: 13149.067 Executing VM operation: CGC_Operation
Event: 13149.068 Executing VM operation: CGC_Operation done
Event: 13149.438 Executing VM operation: RevokeBias
Event: 13149.440 Executing VM operation: RevokeBias done
Event: 13153.327 Executing VM operation: RevokeBias
Event: 13153.363 Executing VM operation: RevokeBias done
Event: 13153.957 Executing VM operation: G1CollectForAllocation
Event: 13154.870 Executing VM operation: G1CollectForAllocation done
Event: 13155.487 Executing VM operation: G1CollectForAllocation


Dynamic libraries:
0x00007ff7af760000 - 0x00007ff7af76a000 	C:\Program Files\Android\Android Studio\jre\bin\java.exe
0x00007ffd85a80000 - 0x00007ffd85c89000 	C:\WINDOWS\SYSTEM32\ntdll.dll
0x00007ffd84c50000 - 0x00007ffd84d0d000 	C:\WINDOWS\System32\KERNEL32.DLL
0x00007ffd835a0000 - 0x00007ffd83914000 	C:\WINDOWS\System32\KERNELBASE.dll
0x00007ffd83480000 - 0x00007ffd83591000 	C:\WINDOWS\System32\ucrtbase.dll
0x00007ffd63cd0000 - 0x00007ffd63ce9000 	C:\Program Files\Android\Android Studio\jre\bin\jli.dll
0x00007ffd62d00000 - 0x00007ffd62d17000 	C:\Program Files\Android\Android Studio\jre\bin\VCRUNTIME140.dll
0x00007ffd85880000 - 0x00007ffd85a2c000 	C:\WINDOWS\System32\USER32.dll
0x00007ffd82f70000 - 0x00007ffd82f96000 	C:\WINDOWS\System32\win32u.dll
0x00007ffd83980000 - 0x00007ffd839a9000 	C:\WINDOWS\System32\GDI32.dll
0x00007ffd832c0000 - 0x00007ffd833d2000 	C:\WINDOWS\System32\gdi32full.dll
0x00007ffd833e0000 - 0x00007ffd8347d000 	C:\WINDOWS\System32\msvcp_win.dll
0x00007ffd62020000 - 0x00007ffd622c5000 	C:\WINDOWS\WinSxS\amd64_microsoft.windows.common-controls_6595b64144ccf1df_6.0.22000.120_none_9d947278b86cc467\COMCTL32.dll
0x00007ffd83a60000 - 0x00007ffd83b03000 	C:\WINDOWS\System32\msvcrt.dll
0x00007ffd85570000 - 0x00007ffd855a1000 	C:\WINDOWS\System32\IMM32.DLL
0x00007ffd49890000 - 0x00007ffd4992d000 	C:\Program Files\Android\Android Studio\jre\bin\msvcp140.dll
0x00007ffd11e40000 - 0x00007ffd1290f000 	C:\Program Files\Android\Android Studio\jre\bin\server\jvm.dll
0x00007ffd839b0000 - 0x00007ffd83a5e000 	C:\WINDOWS\System32\ADVAPI32.dll
0x00007ffd83b10000 - 0x00007ffd83bae000 	C:\WINDOWS\System32\sechost.dll
0x00007ffd85620000 - 0x00007ffd85740000 	C:\WINDOWS\System32\RPCRT4.dll
0x00007ffd852d0000 - 0x00007ffd852d8000 	C:\WINDOWS\System32\PSAPI.DLL
0x00007ffd7a090000 - 0x00007ffd7a0c3000 	C:\WINDOWS\SYSTEM32\WINMM.dll
0x00007ffd796c0000 - 0x00007ffd796ca000 	C:\WINDOWS\SYSTEM32\VERSION.dll
0x00007ffd78bb0000 - 0x00007ffd78bb9000 	C:\WINDOWS\SYSTEM32\WSOCK32.dll
0x00007ffd855b0000 - 0x00007ffd8561f000 	C:\WINDOWS\System32\WS2_32.dll
0x00007ffd82160000 - 0x00007ffd82178000 	C:\WINDOWS\SYSTEM32\kernel.appcore.dll
0x00007ffd78c20000 - 0x00007ffd78c31000 	C:\Program Files\Android\Android Studio\jre\bin\verify.dll
0x00007ffd80a60000 - 0x00007ffd80c81000 	C:\WINDOWS\SYSTEM32\DBGHELP.DLL
0x00007ffd718e0000 - 0x00007ffd71911000 	C:\WINDOWS\SYSTEM32\dbgcore.DLL
0x00007ffd83010000 - 0x00007ffd8308f000 	C:\WINDOWS\System32\bcryptPrimitives.dll
0x00007ffd61fd0000 - 0x00007ffd61ff9000 	C:\Program Files\Android\Android Studio\jre\bin\java.dll
0x00007ffd7d620000 - 0x00007ffd7d62b000 	C:\Program Files\Android\Android Studio\jre\bin\jimage.dll
0x00007ffd72450000 - 0x00007ffd72468000 	C:\Program Files\Android\Android Studio\jre\bin\zip.dll
0x00007ffd84380000 - 0x00007ffd84b2f000 	C:\WINDOWS\System32\SHELL32.dll
0x00007ffd810f0000 - 0x00007ffd81958000 	C:\WINDOWS\SYSTEM32\windows.storage.dll
0x00007ffd84000000 - 0x00007ffd84378000 	C:\WINDOWS\System32\combase.dll
0x00007ffd80f80000 - 0x00007ffd810e6000 	C:\WINDOWS\SYSTEM32\wintypes.dll
0x00007ffd83ce0000 - 0x00007ffd83dca000 	C:\WINDOWS\System32\SHCORE.dll
0x00007ffd85740000 - 0x00007ffd8579d000 	C:\WINDOWS\System32\shlwapi.dll
0x00007ffd82ea0000 - 0x00007ffd82ec1000 	C:\WINDOWS\SYSTEM32\profapi.dll
0x00007ffd6eb60000 - 0x00007ffd6eb7a000 	C:\Program Files\Android\Android Studio\jre\bin\net.dll
0x00007ffd7b1e0000 - 0x00007ffd7b2ec000 	C:\WINDOWS\SYSTEM32\WINHTTP.dll
0x00007ffd82590000 - 0x00007ffd825f7000 	C:\WINDOWS\system32\mswsock.dll
0x00007ffd67900000 - 0x00007ffd67914000 	C:\Program Files\Android\Android Studio\jre\bin\nio.dll
0x00007ffd68470000 - 0x00007ffd68497000 	C:\Users\adria\.gradle\native\8bec1ad78214c89d9ad589b4d07fe93259594b29d510b10fafb7a158f7737e5d\windows-amd64\native-platform.dll
0x00007ffd3bee0000 - 0x00007ffd3c01d000 	C:\Users\adria\.gradle\native\53dbd7edfb1c66fb8903c78663c9afc45aea4f116125fa6feffd364cf09443e8\windows-amd64\native-platform-file-events.dll
0x00007ffd78b30000 - 0x00007ffd78b3a000 	C:\Program Files\Android\Android Studio\jre\bin\management.dll
0x00007ffd78b20000 - 0x00007ffd78b2c000 	C:\Program Files\Android\Android Studio\jre\bin\management_ext.dll
0x00007ffd827d0000 - 0x00007ffd827e8000 	C:\WINDOWS\SYSTEM32\CRYPTSP.dll
0x00007ffd820c0000 - 0x00007ffd820f5000 	C:\WINDOWS\system32\rsaenh.dll
0x00007ffd82680000 - 0x00007ffd826a9000 	C:\WINDOWS\SYSTEM32\USERENV.dll
0x00007ffd82950000 - 0x00007ffd82977000 	C:\WINDOWS\SYSTEM32\bcrypt.dll
0x00007ffd827f0000 - 0x00007ffd827fc000 	C:\WINDOWS\SYSTEM32\CRYPTBASE.dll
0x00007ffd81c90000 - 0x00007ffd81cbd000 	C:\WINDOWS\SYSTEM32\IPHLPAPI.DLL
0x00007ffd84b50000 - 0x00007ffd84b59000 	C:\WINDOWS\System32\NSI.dll
0x00007ffd79b90000 - 0x00007ffd79ba9000 	C:\WINDOWS\SYSTEM32\dhcpcsvc6.DLL
0x00007ffd7a6a0000 - 0x00007ffd7a6be000 	C:\WINDOWS\SYSTEM32\dhcpcsvc.DLL
0x00007ffd81cc0000 - 0x00007ffd81da8000 	C:\WINDOWS\SYSTEM32\DNSAPI.dll
0x00007ffd62980000 - 0x00007ffd629a7000 	C:\Program Files\Android\Android Studio\jre\bin\sunec.dll
0x00007ffd79020000 - 0x00007ffd7902a000 	C:\Windows\System32\rasadhlp.dll
0x00007ffd790d0000 - 0x00007ffd79151000 	C:\WINDOWS\System32\fwpuclnt.dll

dbghelp: loaded successfully - version: 4.0.5 - missing functions: none
symbol engine: initialized successfully - sym options: 0x614 - pdb path: .;C:\Program Files\Android\Android Studio\jre\bin;C:\WINDOWS\SYSTEM32;C:\WINDOWS\WinSxS\amd64_microsoft.windows.common-controls_6595b64144ccf1df_6.0.22000.120_none_9d947278b86cc467;C:\Program Files\Android\Android Studio\jre\bin\server;C:\Users\adria\.gradle\native\8bec1ad78214c89d9ad589b4d07fe93259594b29d510b10fafb7a158f7737e5d\windows-amd64;C:\Users\adria\.gradle\native\53dbd7edfb1c66fb8903c78663c9afc45aea4f116125fa6feffd364cf09443e8\windows-amd64

VM Arguments:
jvm_args: --add-opens=java.base/java.util=ALL-UNNAMED --add-opens=java.base/java.lang=ALL-UNNAMED --add-opens=java.base/java.lang.invoke=ALL-UNNAMED --add-opens=java.base/java.util=ALL-UNNAMED --add-opens=java.prefs/java.util.prefs=ALL-UNNAMED --add-opens=java.prefs/java.util.prefs=ALL-UNNAMED --add-opens=java.base/java.nio.charset=ALL-UNNAMED --add-opens=java.base/java.net=ALL-UNNAMED --add-opens=java.base/java.util.concurrent.atomic=ALL-UNNAMED -Xmx2048m -Dfile.encoding=UTF-8 -Duser.country=US -Duser.language=en -Duser.variant 
java_command: org.gradle.launcher.daemon.bootstrap.GradleDaemon 7.0.2
java_class_path (initial): C:\Users\adria\.gradle\wrapper\dists\gradle-7.0.2-bin\857tjihv64xamwrf0h14cai3r\gradle-7.0.2\lib\gradle-launcher-7.0.2.jar
Launcher Type: SUN_STANDARD

[Global flags]
     intx CICompilerCount                          = 4                                         {product} {ergonomic}
     uint ConcGCThreads                            = 2                                         {product} {ergonomic}
     uint G1ConcRefinementThreads                  = 8                                         {product} {ergonomic}
   size_t G1HeapRegionSize                         = 1048576                                   {product} {ergonomic}
    uintx GCDrainStackTargetSize                   = 64                                        {product} {ergonomic}
   size_t InitialHeapSize                          = 132120576                                 {product} {ergonomic}
   size_t MarkStackSize                            = 4194304                                   {product} {ergonomic}
   size_t MaxHeapSize                              = 2147483648                                {product} {command line}
   size_t MaxNewSize                               = 1287651328                                {product} {ergonomic}
   size_t MinHeapDeltaBytes                        = 1048576                                   {product} {ergonomic}
    uintx NonNMethodCodeHeapSize                   = 5836300                                {pd product} {ergonomic}
    uintx NonProfiledCodeHeapSize                  = 122910970                              {pd product} {ergonomic}
    uintx ProfiledCodeHeapSize                     = 122910970                              {pd product} {ergonomic}
    uintx ReservedCodeCacheSize                    = 251658240                              {pd product} {ergonomic}
     bool SegmentedCodeCache                       = true                                      {product} {ergonomic}
     bool UseCompressedClassPointers               = true                                 {lp64_product} {ergonomic}
     bool UseCompressedOops                        = true                                 {lp64_product} {ergonomic}
     bool UseG1GC                                  = true                                      {product} {ergonomic}
     bool UseLargePagesIndividualAllocation        = false                                  {pd product} {ergonomic}

Logging:
Log output configuration:
 #0: stdout all=warning uptime,level,tags
 #1: stderr all=off uptime,level,tags

Environment Variables:
JAVA_HOME=C:\Program Files\Java\jdk-17.0.1
PATH=C:\Program Files (x86)\VMware\VMware Player\bin\;C:\Program Files\Common Files\Oracle\Java\javapath;C:\WINDOWS\system32;C:\WINDOWS;C:\WINDOWS\System32\Wbem;C:\WINDOWS\System32\WindowsPowerShell\v1.0\;C:\WINDOWS\System32\OpenSSH\;C:\Program Files\nodejs\;C:\Program Files\Git\cmd;C:\Program Files\dotnet\;C:\Program Files\Microsoft SQL Server\130\Tools\Binn\;C:\Program Files\Microsoft SQL Server\Client SDK\ODBC\170\Tools\Binn\;C:\Program Files\Java\jdk-17.0.1\bin;C:\Users\adria\AppData\Local\Microsoft\WindowsApps;C:\Users\adria\AppData\Local\Programs\Microsoft VS Code\bin;C:\Users\adria\AppData\Roaming\npm;C:\Users\adria\.dotnet\tools;C:\Users\adria\AppData\Local\GitHubDesktop\bin
USERNAME=adria
OS=Windows_NT
PROCESSOR_IDENTIFIER=Intel64 Family 6 Model 140 Stepping 1, GenuineIntel



---------------  S Y S T E M  ---------------

OS: Windows 10 , 64 bit Build 22000 (10.0.22000.613)
OS uptime: 4 days 20:10 hours

CPU:total 8 (initial active 8) (4 cores per cpu, 2 threads per core) family 6 model 140 stepping 1 microcode 0x86, cmov, cx8, fxsr, mmx, sse, sse2, sse3, ssse3, sse4.1, sse4.2, popcnt, avx, avx2, aes, clmul, erms, 3dnowpref, lzcnt, ht, tsc, tscinvbit, bmi1, bmi2, adx, evex, sha, fma

Memory: 4k page, system-wide physical 7959M (325M free)
TotalPageFile size 20247M (AvailPageFile size 321M)
current process WorkingSet (physical memory assigned to process): 440M, peak: 703M
current process commit charge ("private bytes"): 848M, peak: 1182M

vm_info: OpenJDK 64-Bit Server VM (11.0.10+0-b96-7249189) for windows-amd64 JRE (11.0.10+0-b96-7249189), built on Mar 31 2021 21:44:00 by "builder" with MS VC++ 14.0 (VS2015)

END.
